2022-12-20 11:27:58 INFO  HomePage :47 - Click on Desktop[[ChromeDriver: chrome on WINDOWS (c8a3167b48fa28c7856a2ef9fd732fcf)] -> link text: Desktops]
2022-12-20 11:27:59 INFO  DeskTopPage :30 - Select sort by Name: Z to A[[ChromeDriver: chrome on WINDOWS (c8a3167b48fa28c7856a2ef9fd732fcf)] -> name: products-orderby]
2022-12-20 11:27:59 INFO  DeskTopPage :41 - Verify that product is arranged in descending order[[ChromeDriver: chrome on WINDOWS (c8a3167b48fa28c7856a2ef9fd732fcf)] -> name: products-orderby]
2022-12-20 11:28:06 INFO  HomePage :47 - Click on Desktop[[ChromeDriver: chrome on WINDOWS (8ab8e7919202bceb8904d3ca5c343fc6)] -> link text: Desktops]
2022-12-20 11:28:07 INFO  DeskTopPage :30 - Select sort by Name: A to Z[[ChromeDriver: chrome on WINDOWS (8ab8e7919202bceb8904d3ca5c343fc6)] -> name: products-orderby]
2022-12-20 11:28:07 INFO  DeskTopPage :36 - Click on add to cart button[[ChromeDriver: chrome on WINDOWS (8ab8e7919202bceb8904d3ca5c343fc6)] -> xpath: //body/div[6]/div[3]/div[1]/div[3]/div[1]/div[2]/div[2]/div[2]/div[1]/div[1]/div[1]/div[1]/div[2]/div[3]/div[2]/button[1]]
2022-12-20 11:28:11 INFO  HomePage :52 - Mouse hover on Electronics tab[[ChromeDriver: chrome on WINDOWS (7500184ac46467b7aacf20a1589a5839)] -> xpath: //div/ul[@class='top-menu notmobile']/li[2]/a[@href='/electronics']]
2022-12-20 11:28:12 INFO  HomePage :57 - Mouse hover on Cell phones tab and click[[ChromeDriver: chrome on WINDOWS (7500184ac46467b7aacf20a1589a5839)] -> xpath: //body[1]/div[6]/div[2]/ul[1]/li[2]/ul[1]/li[2]/a[1]]
2022-12-20 11:28:13 INFO  CellPhonesPage :30 - Verify the Cell phones page text[[ChromeDriver: chrome on WINDOWS (7500184ac46467b7aacf20a1589a5839)] -> xpath: //div[@class='page-title']/h1[text() = 'Cell phones']]
2022-12-20 11:28:19 INFO  HomePage :52 - Mouse hover on Electronics tab[[ChromeDriver: chrome on WINDOWS (4ec06c19366eb7d0a8d4a5348ad08914)] -> xpath: //div/ul[@class='top-menu notmobile']/li[2]/a[@href='/electronics']]
2022-12-20 11:28:19 INFO  HomePage :57 - Mouse hover on Cell phones tab and click[[ChromeDriver: chrome on WINDOWS (4ec06c19366eb7d0a8d4a5348ad08914)] -> xpath: //body[1]/div[6]/div[2]/ul[1]/li[2]/ul[1]/li[2]/a[1]]
2022-12-20 11:28:21 INFO  CellPhonesPage :30 - Verify the Cell phones page text[[ChromeDriver: chrome on WINDOWS (4ec06c19366eb7d0a8d4a5348ad08914)] -> xpath: //div[@class='page-title']/h1[text() = 'Cell phones']]
2022-12-20 11:28:21 INFO  CellPhonesPage :35 - Click on list view[[ChromeDriver: chrome on WINDOWS (4ec06c19366eb7d0a8d4a5348ad08914)] -> xpath: //div/a[text()='List']]
2022-12-20 11:28:21 INFO  CellPhonesPage :40 - Click on Nokia lumia [[ChromeDriver: chrome on WINDOWS (4ec06c19366eb7d0a8d4a5348ad08914)] -> xpath: //h2/a[text()='Nokia Lumia 1020']]
2022-12-20 11:31:18 INFO  HomePage :47 - Click on Desktop[[ChromeDriver: chrome on WINDOWS (5a7e585ad7e00e328e1b48b99676ab98)] -> link text: Desktops]
2022-12-20 11:31:20 INFO  DeskTopPage :30 - Select sort by Name: Z to A[[ChromeDriver: chrome on WINDOWS (5a7e585ad7e00e328e1b48b99676ab98)] -> name: products-orderby]
2022-12-20 11:31:20 INFO  DeskTopPage :41 - Verify that product is arranged in descending order[[ChromeDriver: chrome on WINDOWS (5a7e585ad7e00e328e1b48b99676ab98)] -> name: products-orderby]
2022-12-20 11:31:23 INFO  HomePage :47 - Click on Desktop[[ChromeDriver: chrome on WINDOWS (f607f046598d4677463c3f174107480f)] -> link text: Desktops]
2022-12-20 11:31:24 INFO  DeskTopPage :30 - Select sort by Name: A to Z[[ChromeDriver: chrome on WINDOWS (f607f046598d4677463c3f174107480f)] -> name: products-orderby]
2022-12-20 11:31:27 INFO  DeskTopPage :36 - Click on add to cart button[[ChromeDriver: chrome on WINDOWS (f607f046598d4677463c3f174107480f)] -> xpath: //body/div[6]/div[3]/div[1]/div[3]/div[1]/div[2]/div[2]/div[2]/div[1]/div[1]/div[1]/div[1]/div[2]/div[3]/div[2]/button[1]]
2022-12-20 11:31:30 INFO  BuildYourOwnComputerPage :64 - Verify the Build your own computer page text[[ChromeDriver: chrome on WINDOWS (f607f046598d4677463c3f174107480f)] -> xpath: //h1[contains(text(),'Build your own computer')]]
2022-12-20 11:31:30 INFO  BuildYourOwnComputerPage :69 - Select processor 2.2 GHz Intel Pentium Dual-Core E2200[[ChromeDriver: chrome on WINDOWS (f607f046598d4677463c3f174107480f)] -> name: product_attribute_1]
2022-12-20 11:31:30 INFO  BuildYourOwnComputerPage :74 - Select ram 8GB [+$60.00]from dropdown list[[ChromeDriver: chrome on WINDOWS (f607f046598d4677463c3f174107480f)] -> name: product_attribute_2]
2022-12-20 11:31:30 INFO  BuildYourOwnComputerPage :78 - select hdd radio button[[ChromeDriver: chrome on WINDOWS (f607f046598d4677463c3f174107480f)] -> xpath: //input[@id='product_attribute_3_7']]
2022-12-20 11:31:30 INFO  BuildYourOwnComputerPage :82 - Select OS radio button[[ChromeDriver: chrome on WINDOWS (f607f046598d4677463c3f174107480f)] -> xpath: //input[@id='product_attribute_4_9']]
2022-12-20 11:31:30 INFO  BuildYourOwnComputerPage :86 - Select software[[ChromeDriver: chrome on WINDOWS (f607f046598d4677463c3f174107480f)] -> xpath: //input[@id='product_attribute_5_12']]
2022-12-20 11:31:32 INFO  BuildYourOwnComputerPage :90 - Verify the proce[[ChromeDriver: chrome on WINDOWS (f607f046598d4677463c3f174107480f)] -> xpath: //span[text() = '$1,475.00']]
2022-12-20 11:31:32 INFO  BuildYourOwnComputerPage :94 - Click on add to cart button[[ChromeDriver: chrome on WINDOWS (f607f046598d4677463c3f174107480f)] -> xpath: //button[@id='add-to-cart-button-1']]
2022-12-20 11:31:32 INFO  BuildYourOwnComputerPage :98 - Verify the messge on the top green bar[[ChromeDriver: chrome on WINDOWS (f607f046598d4677463c3f174107480f)] -> xpath: //body[1]/div[5]/div[1]/p[1]]
2022-12-20 11:31:32 INFO  BuildYourOwnComputerPage :102 - Click on the close bar[[ChromeDriver: chrome on WINDOWS (f607f046598d4677463c3f174107480f)] -> xpath: //body[1]/div[5]/div[1]/span[1]]
2022-12-20 11:31:32 INFO  BuildYourOwnComputerPage :106 - mouse howver on shopping cart[[ChromeDriver: chrome on WINDOWS (f607f046598d4677463c3f174107480f)] -> xpath: //span[contains(text(),'Shopping cart')]]
2022-12-20 11:31:32 INFO  BuildYourOwnComputerPage :110 - Click on shopping cart[[ChromeDriver: chrome on WINDOWS (f607f046598d4677463c3f174107480f)] -> xpath: //button[contains(text(),'Go to cart')]]
2022-12-20 11:31:35 INFO  ShoppingCartPage :49 - Verify Shopping cart text[[ChromeDriver: chrome on WINDOWS (f607f046598d4677463c3f174107480f)] -> xpath: //div[@class='page-title']/h1[contains(text(),'Shopping cart')]]
2022-12-20 11:31:38 INFO  ShoppingCartPage :55 - Update the quantity of product in shopping cart[[ChromeDriver: chrome on WINDOWS (f607f046598d4677463c3f174107480f)] -> xpath: //td[@class='quantity']/child::input]
2022-12-20 11:31:38 INFO  ShoppingCartPage :61 - Click on update Shopping cart button[[ChromeDriver: chrome on WINDOWS (f607f046598d4677463c3f174107480f)] -> xpath: //button[@id='updatecart']]
2022-12-20 11:31:38 INFO  ShoppingCartPage :65 - Verify the total price[[ChromeDriver: chrome on WINDOWS (f607f046598d4677463c3f174107480f)] -> xpath: //span[@class='product-subtotal'][text()='$2,950.00']]
2022-12-20 11:31:38 INFO  ShoppingCartPage :69 - Click on Check box[[ChromeDriver: chrome on WINDOWS (f607f046598d4677463c3f174107480f)] -> id: termsofservice]
2022-12-20 11:31:39 INFO  ShoppingCartPage :73 - Click on checkout button[[ChromeDriver: chrome on WINDOWS (f607f046598d4677463c3f174107480f)] -> xpath: //button[@id='checkout']]
2022-12-20 11:31:39 INFO  CheckOutAsGuest :29 - Verify the Welcome Text[[ChromeDriver: chrome on WINDOWS (f607f046598d4677463c3f174107480f)] -> xpath: //h1[text()='Welcome, Please Sign In!']]
2022-12-20 11:31:39 INFO  CheckOutAsGuest :33 - Click on proceed as guest button [[ChromeDriver: chrome on WINDOWS (f607f046598d4677463c3f174107480f)] -> xpath: //button[text()= 'Checkout as Guest']]
2022-12-20 11:31:41 INFO  BillingCheckOutPage :60 - Enter billing first nameLinda[[ChromeDriver: chrome on WINDOWS (f607f046598d4677463c3f174107480f)] -> id: BillingNewAddress_FirstName]
2022-12-20 11:31:41 INFO  BillingCheckOutPage :65 - Enter billing last nameSmith[[ChromeDriver: chrome on WINDOWS (f607f046598d4677463c3f174107480f)] -> id: BillingNewAddress_LastName]
2022-12-20 11:31:41 INFO  BillingCheckOutPage :70 - Enter billing email addresslinda.smith@gmail.com[[ChromeDriver: chrome on WINDOWS (f607f046598d4677463c3f174107480f)] -> id: BillingNewAddress_Email]
2022-12-20 11:31:41 INFO  BillingCheckOutPage :75 - Select Country United Kingdomfrom dropdown list[[ChromeDriver: chrome on WINDOWS (f607f046598d4677463c3f174107480f)] -> id: BillingNewAddress_CountryId]
2022-12-20 11:31:41 INFO  BillingCheckOutPage :85 - Enter the City Manchester[[ChromeDriver: chrome on WINDOWS (f607f046598d4677463c3f174107480f)] -> id: BillingNewAddress_City]
2022-12-20 11:31:41 INFO  BillingCheckOutPage :90 - Enter billing address269,Cambridge Lane[[ChromeDriver: chrome on WINDOWS (f607f046598d4677463c3f174107480f)] -> id: BillingNewAddress_Address1]
2022-12-20 11:31:41 INFO  BillingCheckOutPage :95 - Enter zipcode M12 9AWin zip code field[[ChromeDriver: chrome on WINDOWS (f607f046598d4677463c3f174107480f)] -> id: BillingNewAddress_ZipPostalCode]
2022-12-20 11:31:41 INFO  BillingCheckOutPage :100 - Enter phone number 5665995116994in phone no field[[ChromeDriver: chrome on WINDOWS (f607f046598d4677463c3f174107480f)] -> id: BillingNewAddress_PhoneNumber]
2022-12-20 11:31:41 INFO  BillingCheckOutPage :105 - Click on Checkout button[[ChromeDriver: chrome on WINDOWS (f607f046598d4677463c3f174107480f)] -> xpath: //div[1]/button[4]]
2022-12-20 11:31:42 INFO  ShippingMethodCheckoutPage :29 - Click on radio button next day air[[ChromeDriver: chrome on WINDOWS (f607f046598d4677463c3f174107480f)] -> id: shippingoption_1]
2022-12-20 11:31:42 INFO  ShippingMethodCheckoutPage :33 - Click on continue button[[ChromeDriver: chrome on WINDOWS (f607f046598d4677463c3f174107480f)] -> xpath: //body/div[6]/div[3]/div[1]/div[1]/div[1]/div[2]/ol[1]/li[3]/div[2]/form[1]/div[2]/button[1]]
2022-12-20 11:31:42 INFO  PaymentMethodCheckOut :25 - Enter Credit card[[ChromeDriver: chrome on WINDOWS (f607f046598d4677463c3f174107480f)] -> css selector: #paymentmethod_1]
2022-12-20 11:31:42 INFO  PaymentMethodCheckOut :29 - Click on Continue button[[ChromeDriver: chrome on WINDOWS (f607f046598d4677463c3f174107480f)] -> xpath: //ol[1]/li[4]/div[2]/div[1]/button[1]]
2022-12-20 11:31:43 INFO  PaymentCheckOut :44 - Select card type MasterCardfrom the drop down list[[ChromeDriver: chrome on WINDOWS (f607f046598d4677463c3f174107480f)] -> id: CreditCardType]
2022-12-20 11:32:09 INFO  HomePage :52 - Mouse hover on Electronics tab[[ChromeDriver: chrome on WINDOWS (3cb1d60e1cb4a39b32fea815b1710dc4)] -> xpath: //div/ul[@class='top-menu notmobile']/li[2]/a[@href='/electronics']]
2022-12-20 11:32:09 INFO  HomePage :57 - Mouse hover on Cell phones tab and click[[ChromeDriver: chrome on WINDOWS (3cb1d60e1cb4a39b32fea815b1710dc4)] -> xpath: //body[1]/div[6]/div[2]/ul[1]/li[2]/ul[1]/li[2]/a[1]]
2022-12-20 11:32:11 INFO  CellPhonesPage :30 - Verify the Cell phones page text[[ChromeDriver: chrome on WINDOWS (3cb1d60e1cb4a39b32fea815b1710dc4)] -> xpath: //div[@class='page-title']/h1[text() = 'Cell phones']]
2022-12-20 11:32:15 INFO  HomePage :52 - Mouse hover on Electronics tab[[ChromeDriver: chrome on WINDOWS (0ba4afd24486379686e8b8f265935b40)] -> xpath: //div/ul[@class='top-menu notmobile']/li[2]/a[@href='/electronics']]
2022-12-20 11:32:15 INFO  HomePage :57 - Mouse hover on Cell phones tab and click[[ChromeDriver: chrome on WINDOWS (0ba4afd24486379686e8b8f265935b40)] -> xpath: //body[1]/div[6]/div[2]/ul[1]/li[2]/ul[1]/li[2]/a[1]]
2022-12-20 11:32:17 INFO  CellPhonesPage :30 - Verify the Cell phones page text[[ChromeDriver: chrome on WINDOWS (0ba4afd24486379686e8b8f265935b40)] -> xpath: //div[@class='page-title']/h1[text() = 'Cell phones']]
2022-12-20 11:32:17 INFO  CellPhonesPage :35 - Click on list view[[ChromeDriver: chrome on WINDOWS (0ba4afd24486379686e8b8f265935b40)] -> xpath: //div/a[text()='List']]
2022-12-20 11:32:17 INFO  CellPhonesPage :40 - Click on Nokia lumia [[ChromeDriver: chrome on WINDOWS (0ba4afd24486379686e8b8f265935b40)] -> xpath: //h2/a[text()='Nokia Lumia 1020']]
2022-12-20 11:43:51 INFO  HomePage :47 - Click on Desktop[[ChromeDriver: chrome on WINDOWS (9c587bd7e7a6eaeb5cc17357a1e60cc3)] -> link text: Desktops]
2022-12-20 11:43:51 INFO  DeskTopPage :30 - Select sort by Name: Z to A[[ChromeDriver: chrome on WINDOWS (9c587bd7e7a6eaeb5cc17357a1e60cc3)] -> name: products-orderby]
2022-12-20 11:43:51 INFO  DeskTopPage :41 - Verify that product is arranged in descending order[[ChromeDriver: chrome on WINDOWS (9c587bd7e7a6eaeb5cc17357a1e60cc3)] -> name: products-orderby]
2022-12-20 11:44:04 INFO  HomePage :47 - Click on Desktop[[ChromeDriver: chrome on WINDOWS (cb9180e9fd580db2f9e644c13a6971f4)] -> link text: Desktops]
2022-12-20 11:44:05 INFO  DeskTopPage :30 - Select sort by Name: A to Z[[ChromeDriver: chrome on WINDOWS (cb9180e9fd580db2f9e644c13a6971f4)] -> name: products-orderby]
2022-12-20 11:44:08 INFO  DeskTopPage :36 - Click on add to cart button[[ChromeDriver: chrome on WINDOWS (cb9180e9fd580db2f9e644c13a6971f4)] -> xpath: //body/div[6]/div[3]/div[1]/div[3]/div[1]/div[2]/div[2]/div[2]/div[1]/div[1]/div[1]/div[1]/div[2]/div[3]/div[2]/button[1]]
2022-12-20 11:44:11 INFO  BuildYourOwnComputerPage :64 - Verify the Build your own computer page text[[ChromeDriver: chrome on WINDOWS (cb9180e9fd580db2f9e644c13a6971f4)] -> xpath: //h1[contains(text(),'Build your own computer')]]
2022-12-20 11:44:11 INFO  BuildYourOwnComputerPage :69 - Select processor 2.2 GHz Intel Pentium Dual-Core E2200[[ChromeDriver: chrome on WINDOWS (cb9180e9fd580db2f9e644c13a6971f4)] -> name: product_attribute_1]
2022-12-20 11:44:12 INFO  BuildYourOwnComputerPage :74 - Select ram 8GB [+$60.00]from dropdown list[[ChromeDriver: chrome on WINDOWS (cb9180e9fd580db2f9e644c13a6971f4)] -> name: product_attribute_2]
2022-12-20 11:44:12 INFO  BuildYourOwnComputerPage :78 - select hdd radio button[[ChromeDriver: chrome on WINDOWS (cb9180e9fd580db2f9e644c13a6971f4)] -> xpath: //input[@id='product_attribute_3_7']]
2022-12-20 11:44:12 INFO  BuildYourOwnComputerPage :82 - Select OS radio button[[ChromeDriver: chrome on WINDOWS (cb9180e9fd580db2f9e644c13a6971f4)] -> xpath: //input[@id='product_attribute_4_9']]
2022-12-20 11:44:12 INFO  BuildYourOwnComputerPage :86 - Select software[[ChromeDriver: chrome on WINDOWS (cb9180e9fd580db2f9e644c13a6971f4)] -> xpath: //input[@id='product_attribute_5_12']]
2022-12-20 11:44:13 INFO  BuildYourOwnComputerPage :90 - Verify the proce[[ChromeDriver: chrome on WINDOWS (cb9180e9fd580db2f9e644c13a6971f4)] -> xpath: //span[text() = '$1,475.00']]
2022-12-20 11:44:13 INFO  BuildYourOwnComputerPage :94 - Click on add to cart button[[ChromeDriver: chrome on WINDOWS (cb9180e9fd580db2f9e644c13a6971f4)] -> xpath: //button[@id='add-to-cart-button-1']]
2022-12-20 11:44:13 INFO  BuildYourOwnComputerPage :98 - Verify the messge on the top green bar[[ChromeDriver: chrome on WINDOWS (cb9180e9fd580db2f9e644c13a6971f4)] -> xpath: //body[1]/div[5]/div[1]/p[1]]
2022-12-20 11:44:13 INFO  BuildYourOwnComputerPage :102 - Click on the close bar[[ChromeDriver: chrome on WINDOWS (cb9180e9fd580db2f9e644c13a6971f4)] -> xpath: //body[1]/div[5]/div[1]/span[1]]
2022-12-20 11:44:14 INFO  BuildYourOwnComputerPage :106 - mouse howver on shopping cart[[ChromeDriver: chrome on WINDOWS (cb9180e9fd580db2f9e644c13a6971f4)] -> xpath: //span[contains(text(),'Shopping cart')]]
2022-12-20 11:44:14 INFO  BuildYourOwnComputerPage :110 - Click on shopping cart[[ChromeDriver: chrome on WINDOWS (cb9180e9fd580db2f9e644c13a6971f4)] -> xpath: //button[contains(text(),'Go to cart')]]
2022-12-20 11:44:15 INFO  ShoppingCartPage :49 - Verify Shopping cart text[[ChromeDriver: chrome on WINDOWS (cb9180e9fd580db2f9e644c13a6971f4)] -> xpath: //div[@class='page-title']/h1[contains(text(),'Shopping cart')]]
2022-12-20 11:44:18 INFO  ShoppingCartPage :55 - Update the quantity of product in shopping cart[[ChromeDriver: chrome on WINDOWS (cb9180e9fd580db2f9e644c13a6971f4)] -> xpath: //td[@class='quantity']/child::input]
2022-12-20 11:44:18 INFO  ShoppingCartPage :61 - Click on update Shopping cart button[[ChromeDriver: chrome on WINDOWS (cb9180e9fd580db2f9e644c13a6971f4)] -> xpath: //button[@id='updatecart']]
2022-12-20 11:44:19 INFO  ShoppingCartPage :65 - Verify the total price[[ChromeDriver: chrome on WINDOWS (cb9180e9fd580db2f9e644c13a6971f4)] -> xpath: //span[@class='product-subtotal'][text()='$2,950.00']]
2022-12-20 11:44:19 INFO  ShoppingCartPage :69 - Click on Check box[[ChromeDriver: chrome on WINDOWS (cb9180e9fd580db2f9e644c13a6971f4)] -> id: termsofservice]
2022-12-20 11:44:19 INFO  ShoppingCartPage :73 - Click on checkout button[[ChromeDriver: chrome on WINDOWS (cb9180e9fd580db2f9e644c13a6971f4)] -> xpath: //button[@id='checkout']]
2022-12-20 11:44:20 INFO  CheckOutAsGuest :29 - Verify the Welcome Text[[ChromeDriver: chrome on WINDOWS (cb9180e9fd580db2f9e644c13a6971f4)] -> xpath: //h1[text()='Welcome, Please Sign In!']]
2022-12-20 11:44:20 INFO  CheckOutAsGuest :33 - Click on proceed as guest button [[ChromeDriver: chrome on WINDOWS (cb9180e9fd580db2f9e644c13a6971f4)] -> xpath: //button[text()= 'Checkout as Guest']]
2022-12-20 11:44:24 INFO  BillingCheckOutPage :60 - Enter billing first nameLinda[[ChromeDriver: chrome on WINDOWS (cb9180e9fd580db2f9e644c13a6971f4)] -> id: BillingNewAddress_FirstName]
2022-12-20 11:44:24 INFO  BillingCheckOutPage :65 - Enter billing last nameSmith[[ChromeDriver: chrome on WINDOWS (cb9180e9fd580db2f9e644c13a6971f4)] -> id: BillingNewAddress_LastName]
2022-12-20 11:44:24 INFO  BillingCheckOutPage :70 - Enter billing email addresslinda.smith@gmail.com[[ChromeDriver: chrome on WINDOWS (cb9180e9fd580db2f9e644c13a6971f4)] -> id: BillingNewAddress_Email]
2022-12-20 11:44:24 INFO  BillingCheckOutPage :75 - Select Country United Kingdomfrom dropdown list[[ChromeDriver: chrome on WINDOWS (cb9180e9fd580db2f9e644c13a6971f4)] -> id: BillingNewAddress_CountryId]
2022-12-20 11:44:24 INFO  BillingCheckOutPage :85 - Enter the City Manchester[[ChromeDriver: chrome on WINDOWS (cb9180e9fd580db2f9e644c13a6971f4)] -> id: BillingNewAddress_City]
2022-12-20 11:44:24 INFO  BillingCheckOutPage :90 - Enter billing address269,Cambridge Lane[[ChromeDriver: chrome on WINDOWS (cb9180e9fd580db2f9e644c13a6971f4)] -> id: BillingNewAddress_Address1]
2022-12-20 11:44:24 INFO  BillingCheckOutPage :95 - Enter zipcode M12 9AWin zip code field[[ChromeDriver: chrome on WINDOWS (cb9180e9fd580db2f9e644c13a6971f4)] -> id: BillingNewAddress_ZipPostalCode]
2022-12-20 11:44:25 INFO  BillingCheckOutPage :100 - Enter phone number 5665995116994in phone no field[[ChromeDriver: chrome on WINDOWS (cb9180e9fd580db2f9e644c13a6971f4)] -> id: BillingNewAddress_PhoneNumber]
2022-12-20 11:44:25 INFO  BillingCheckOutPage :105 - Click on Checkout button[[ChromeDriver: chrome on WINDOWS (cb9180e9fd580db2f9e644c13a6971f4)] -> xpath: //div[1]/button[4]]
2022-12-20 11:44:25 INFO  ShippingMethodCheckoutPage :29 - Click on radio button next day air[[ChromeDriver: chrome on WINDOWS (cb9180e9fd580db2f9e644c13a6971f4)] -> id: shippingoption_1]
2022-12-20 11:44:25 INFO  ShippingMethodCheckoutPage :33 - Click on continue button[[ChromeDriver: chrome on WINDOWS (cb9180e9fd580db2f9e644c13a6971f4)] -> xpath: //body/div[6]/div[3]/div[1]/div[1]/div[1]/div[2]/ol[1]/li[3]/div[2]/form[1]/div[2]/button[1]]
2022-12-20 11:44:25 INFO  PaymentMethodCheckOut :25 - Enter Credit card[[ChromeDriver: chrome on WINDOWS (cb9180e9fd580db2f9e644c13a6971f4)] -> css selector: #paymentmethod_1]
2022-12-20 11:44:25 INFO  PaymentMethodCheckOut :29 - Click on Continue button[[ChromeDriver: chrome on WINDOWS (cb9180e9fd580db2f9e644c13a6971f4)] -> xpath: //ol[1]/li[4]/div[2]/div[1]/button[1]]
2022-12-20 11:44:26 INFO  PaymentCheckOut :44 - Select card type Master cardfrom the drop down list[[ChromeDriver: chrome on WINDOWS (cb9180e9fd580db2f9e644c13a6971f4)] -> id: CreditCardType]
2022-12-20 11:44:26 INFO  PaymentCheckOut :48 - Enter Card holder name Linda Smithin card holder name field[[ChromeDriver: chrome on WINDOWS (cb9180e9fd580db2f9e644c13a6971f4)] -> id: CardholderName]
2022-12-20 11:44:26 INFO  PaymentCheckOut :52 - Enter card number 5555555555554444in card no field[[ChromeDriver: chrome on WINDOWS (cb9180e9fd580db2f9e644c13a6971f4)] -> id: CardNumber]
2022-12-20 11:44:26 INFO  PaymentCheckOut :56 - Select expiry Month 02from dropdown[[ChromeDriver: chrome on WINDOWS (cb9180e9fd580db2f9e644c13a6971f4)] -> id: ExpireMonth]
2022-12-20 11:44:26 INFO  PaymentCheckOut :60 - Select expiry Year 2024from dropdown[[ChromeDriver: chrome on WINDOWS (cb9180e9fd580db2f9e644c13a6971f4)] -> id: ExpireYear]
2022-12-20 11:44:26 INFO  PaymentCheckOut :64 - Enter Card code 0123in card code field[[ChromeDriver: chrome on WINDOWS (cb9180e9fd580db2f9e644c13a6971f4)] -> id: CardCode]
2022-12-20 11:44:26 INFO  PaymentCheckOut :68 - Click on continue button[[ChromeDriver: chrome on WINDOWS (cb9180e9fd580db2f9e644c13a6971f4)] -> xpath: //button[@class='button-1 payment-info-next-step-button']]
2022-12-20 11:44:27 INFO  ConfirmOrderPage :41 - Verify credit card payment method[[ChromeDriver: chrome on WINDOWS (cb9180e9fd580db2f9e644c13a6971f4)] -> xpath: //span[contains(text(),'Credit Card')]]
2022-12-20 11:44:27 INFO  ConfirmOrderPage :45 - Verify shipping method[[ChromeDriver: chrome on WINDOWS (cb9180e9fd580db2f9e644c13a6971f4)] -> xpath: //div[1]/div[2]/div[2]/ul[1]/li[1]/span[2]]
2022-12-20 11:44:31 INFO  HomePage :52 - Mouse hover on Electronics tab[[ChromeDriver: chrome on WINDOWS (6c55ff656a785cc2a6be53087b9f2079)] -> xpath: //div/ul[@class='top-menu notmobile']/li[2]/a[@href='/electronics']]
2022-12-20 11:44:31 INFO  HomePage :57 - Mouse hover on Cell phones tab and click[[ChromeDriver: chrome on WINDOWS (6c55ff656a785cc2a6be53087b9f2079)] -> xpath: //body[1]/div[6]/div[2]/ul[1]/li[2]/ul[1]/li[2]/a[1]]
2022-12-20 11:44:32 INFO  CellPhonesPage :30 - Verify the Cell phones page text[[ChromeDriver: chrome on WINDOWS (6c55ff656a785cc2a6be53087b9f2079)] -> xpath: //div[@class='page-title']/h1[text() = 'Cell phones']]
2022-12-20 11:44:35 INFO  HomePage :52 - Mouse hover on Electronics tab[[ChromeDriver: chrome on WINDOWS (389a8c1e978fa246046b136bc30ac4b6)] -> xpath: //div/ul[@class='top-menu notmobile']/li[2]/a[@href='/electronics']]
2022-12-20 11:44:35 INFO  HomePage :57 - Mouse hover on Cell phones tab and click[[ChromeDriver: chrome on WINDOWS (389a8c1e978fa246046b136bc30ac4b6)] -> xpath: //body[1]/div[6]/div[2]/ul[1]/li[2]/ul[1]/li[2]/a[1]]
2022-12-20 11:44:36 INFO  CellPhonesPage :30 - Verify the Cell phones page text[[ChromeDriver: chrome on WINDOWS (389a8c1e978fa246046b136bc30ac4b6)] -> xpath: //div[@class='page-title']/h1[text() = 'Cell phones']]
2022-12-20 11:44:36 INFO  CellPhonesPage :35 - Click on list view[[ChromeDriver: chrome on WINDOWS (389a8c1e978fa246046b136bc30ac4b6)] -> xpath: //div/a[text()='List']]
2022-12-20 11:44:36 INFO  CellPhonesPage :40 - Click on Nokia lumia [[ChromeDriver: chrome on WINDOWS (389a8c1e978fa246046b136bc30ac4b6)] -> xpath: //h2/a[text()='Nokia Lumia 1020']]
2022-12-20 11:46:15 INFO  HomePage :47 - Click on Desktop[[ChromeDriver: chrome on WINDOWS (f919fc7fb584d12c7b261a78eeb641d3)] -> link text: Desktops]
2022-12-20 11:46:16 INFO  DeskTopPage :30 - Select sort by Name: A to Z[[ChromeDriver: chrome on WINDOWS (f919fc7fb584d12c7b261a78eeb641d3)] -> name: products-orderby]
2022-12-20 11:46:19 INFO  DeskTopPage :36 - Click on add to cart button[[ChromeDriver: chrome on WINDOWS (f919fc7fb584d12c7b261a78eeb641d3)] -> xpath: //body/div[6]/div[3]/div[1]/div[3]/div[1]/div[2]/div[2]/div[2]/div[1]/div[1]/div[1]/div[1]/div[2]/div[3]/div[2]/button[1]]
2022-12-20 11:46:20 INFO  BuildYourOwnComputerPage :64 - Verify the Build your own computer page text[[ChromeDriver: chrome on WINDOWS (f919fc7fb584d12c7b261a78eeb641d3)] -> xpath: //h1[contains(text(),'Build your own computer')]]
2022-12-20 11:46:20 INFO  BuildYourOwnComputerPage :69 - Select processor 2.2 GHz Intel Pentium Dual-Core E2200[[ChromeDriver: chrome on WINDOWS (f919fc7fb584d12c7b261a78eeb641d3)] -> name: product_attribute_1]
2022-12-20 11:46:20 INFO  BuildYourOwnComputerPage :74 - Select ram 8GB [+$60.00]from dropdown list[[ChromeDriver: chrome on WINDOWS (f919fc7fb584d12c7b261a78eeb641d3)] -> name: product_attribute_2]
2022-12-20 11:46:20 INFO  BuildYourOwnComputerPage :78 - select hdd radio button[[ChromeDriver: chrome on WINDOWS (f919fc7fb584d12c7b261a78eeb641d3)] -> xpath: //input[@id='product_attribute_3_7']]
2022-12-20 11:46:20 INFO  BuildYourOwnComputerPage :82 - Select OS radio button[[ChromeDriver: chrome on WINDOWS (f919fc7fb584d12c7b261a78eeb641d3)] -> xpath: //input[@id='product_attribute_4_9']]
2022-12-20 11:46:20 INFO  BuildYourOwnComputerPage :86 - Select software[[ChromeDriver: chrome on WINDOWS (f919fc7fb584d12c7b261a78eeb641d3)] -> xpath: //input[@id='product_attribute_5_12']]
2022-12-20 11:46:21 INFO  BuildYourOwnComputerPage :90 - Verify the proce[[ChromeDriver: chrome on WINDOWS (f919fc7fb584d12c7b261a78eeb641d3)] -> xpath: //span[text() = '$1,475.00']]
2022-12-20 11:46:21 INFO  BuildYourOwnComputerPage :94 - Click on add to cart button[[ChromeDriver: chrome on WINDOWS (f919fc7fb584d12c7b261a78eeb641d3)] -> xpath: //button[@id='add-to-cart-button-1']]
2022-12-20 11:46:21 INFO  BuildYourOwnComputerPage :98 - Verify the messge on the top green bar[[ChromeDriver: chrome on WINDOWS (f919fc7fb584d12c7b261a78eeb641d3)] -> xpath: //body[1]/div[5]/div[1]/p[1]]
2022-12-20 11:46:21 INFO  BuildYourOwnComputerPage :102 - Click on the close bar[[ChromeDriver: chrome on WINDOWS (f919fc7fb584d12c7b261a78eeb641d3)] -> xpath: //body[1]/div[5]/div[1]/span[1]]
2022-12-20 11:46:21 INFO  BuildYourOwnComputerPage :106 - mouse howver on shopping cart[[ChromeDriver: chrome on WINDOWS (f919fc7fb584d12c7b261a78eeb641d3)] -> xpath: //span[contains(text(),'Shopping cart')]]
2022-12-20 11:46:21 INFO  BuildYourOwnComputerPage :110 - Click on shopping cart[[ChromeDriver: chrome on WINDOWS (f919fc7fb584d12c7b261a78eeb641d3)] -> xpath: //button[contains(text(),'Go to cart')]]
2022-12-20 11:46:23 INFO  ShoppingCartPage :49 - Verify Shopping cart text[[ChromeDriver: chrome on WINDOWS (f919fc7fb584d12c7b261a78eeb641d3)] -> xpath: //div[@class='page-title']/h1[contains(text(),'Shopping cart')]]
2022-12-20 11:46:26 INFO  ShoppingCartPage :55 - Update the quantity of product in shopping cart[[ChromeDriver: chrome on WINDOWS (f919fc7fb584d12c7b261a78eeb641d3)] -> xpath: //td[@class='quantity']/child::input]
2022-12-20 11:46:26 INFO  ShoppingCartPage :61 - Click on update Shopping cart button[[ChromeDriver: chrome on WINDOWS (f919fc7fb584d12c7b261a78eeb641d3)] -> xpath: //button[@id='updatecart']]
2022-12-20 11:46:26 INFO  ShoppingCartPage :65 - Verify the total price[[ChromeDriver: chrome on WINDOWS (f919fc7fb584d12c7b261a78eeb641d3)] -> xpath: //span[@class='product-subtotal'][text()='$2,950.00']]
2022-12-20 11:46:26 INFO  ShoppingCartPage :69 - Click on Check box[[ChromeDriver: chrome on WINDOWS (f919fc7fb584d12c7b261a78eeb641d3)] -> id: termsofservice]
2022-12-20 11:46:26 INFO  ShoppingCartPage :73 - Click on checkout button[[ChromeDriver: chrome on WINDOWS (f919fc7fb584d12c7b261a78eeb641d3)] -> xpath: //button[@id='checkout']]
2022-12-20 11:46:27 INFO  CheckOutAsGuest :29 - Verify the Welcome Text[[ChromeDriver: chrome on WINDOWS (f919fc7fb584d12c7b261a78eeb641d3)] -> xpath: //h1[text()='Welcome, Please Sign In!']]
2022-12-20 11:46:27 INFO  CheckOutAsGuest :33 - Click on proceed as guest button [[ChromeDriver: chrome on WINDOWS (f919fc7fb584d12c7b261a78eeb641d3)] -> xpath: //button[text()= 'Checkout as Guest']]
2022-12-20 11:46:28 INFO  BillingCheckOutPage :60 - Enter billing first nameLinda[[ChromeDriver: chrome on WINDOWS (f919fc7fb584d12c7b261a78eeb641d3)] -> id: BillingNewAddress_FirstName]
2022-12-20 11:46:28 INFO  BillingCheckOutPage :65 - Enter billing last nameSmith[[ChromeDriver: chrome on WINDOWS (f919fc7fb584d12c7b261a78eeb641d3)] -> id: BillingNewAddress_LastName]
2022-12-20 11:46:28 INFO  BillingCheckOutPage :70 - Enter billing email addresslinda.smith@gmail.com[[ChromeDriver: chrome on WINDOWS (f919fc7fb584d12c7b261a78eeb641d3)] -> id: BillingNewAddress_Email]
2022-12-20 11:46:28 INFO  BillingCheckOutPage :75 - Select Country United Kingdomfrom dropdown list[[ChromeDriver: chrome on WINDOWS (f919fc7fb584d12c7b261a78eeb641d3)] -> id: BillingNewAddress_CountryId]
2022-12-20 11:46:28 INFO  BillingCheckOutPage :85 - Enter the City Manchester[[ChromeDriver: chrome on WINDOWS (f919fc7fb584d12c7b261a78eeb641d3)] -> id: BillingNewAddress_City]
2022-12-20 11:46:29 INFO  BillingCheckOutPage :90 - Enter billing address269,Cambridge Lane[[ChromeDriver: chrome on WINDOWS (f919fc7fb584d12c7b261a78eeb641d3)] -> id: BillingNewAddress_Address1]
2022-12-20 11:46:29 INFO  BillingCheckOutPage :95 - Enter zipcode M12 9AWin zip code field[[ChromeDriver: chrome on WINDOWS (f919fc7fb584d12c7b261a78eeb641d3)] -> id: BillingNewAddress_ZipPostalCode]
2022-12-20 11:46:29 INFO  BillingCheckOutPage :100 - Enter phone number 5665995116994in phone no field[[ChromeDriver: chrome on WINDOWS (f919fc7fb584d12c7b261a78eeb641d3)] -> id: BillingNewAddress_PhoneNumber]
2022-12-20 11:46:29 INFO  BillingCheckOutPage :105 - Click on Checkout button[[ChromeDriver: chrome on WINDOWS (f919fc7fb584d12c7b261a78eeb641d3)] -> xpath: //div[1]/button[4]]
2022-12-20 11:46:29 INFO  ShippingMethodCheckoutPage :29 - Click on radio button next day air[[ChromeDriver: chrome on WINDOWS (f919fc7fb584d12c7b261a78eeb641d3)] -> id: shippingoption_1]
2022-12-20 11:46:29 INFO  ShippingMethodCheckoutPage :33 - Click on continue button[[ChromeDriver: chrome on WINDOWS (f919fc7fb584d12c7b261a78eeb641d3)] -> xpath: //body/div[6]/div[3]/div[1]/div[1]/div[1]/div[2]/ol[1]/li[3]/div[2]/form[1]/div[2]/button[1]]
2022-12-20 11:46:30 INFO  PaymentMethodCheckOut :25 - Enter Credit card[[ChromeDriver: chrome on WINDOWS (f919fc7fb584d12c7b261a78eeb641d3)] -> css selector: #paymentmethod_1]
2022-12-20 11:46:30 INFO  PaymentMethodCheckOut :29 - Click on Continue button[[ChromeDriver: chrome on WINDOWS (f919fc7fb584d12c7b261a78eeb641d3)] -> xpath: //ol[1]/li[4]/div[2]/div[1]/button[1]]
2022-12-20 11:46:30 INFO  PaymentCheckOut :44 - Select card type Master cardfrom the drop down list[[ChromeDriver: chrome on WINDOWS (f919fc7fb584d12c7b261a78eeb641d3)] -> id: CreditCardType]
2022-12-20 11:46:30 INFO  PaymentCheckOut :48 - Enter Card holder name Linda Smithin card holder name field[[ChromeDriver: chrome on WINDOWS (f919fc7fb584d12c7b261a78eeb641d3)] -> id: CardholderName]
2022-12-20 11:46:30 INFO  PaymentCheckOut :52 - Enter card number 5555555555554444in card no field[[ChromeDriver: chrome on WINDOWS (f919fc7fb584d12c7b261a78eeb641d3)] -> id: CardNumber]
2022-12-20 11:46:30 INFO  PaymentCheckOut :56 - Select expiry Month 02from dropdown[[ChromeDriver: chrome on WINDOWS (f919fc7fb584d12c7b261a78eeb641d3)] -> id: ExpireMonth]
2022-12-20 11:46:30 INFO  PaymentCheckOut :60 - Select expiry Year 2024from dropdown[[ChromeDriver: chrome on WINDOWS (f919fc7fb584d12c7b261a78eeb641d3)] -> id: ExpireYear]
2022-12-20 11:46:30 INFO  PaymentCheckOut :64 - Enter Card code 0123in card code field[[ChromeDriver: chrome on WINDOWS (f919fc7fb584d12c7b261a78eeb641d3)] -> id: CardCode]
2022-12-20 11:46:30 INFO  PaymentCheckOut :68 - Click on continue button[[ChromeDriver: chrome on WINDOWS (f919fc7fb584d12c7b261a78eeb641d3)] -> xpath: //button[@class='button-1 payment-info-next-step-button']]
2022-12-20 11:46:31 INFO  ConfirmOrderPage :41 - Verify credit card payment method[[ChromeDriver: chrome on WINDOWS (f919fc7fb584d12c7b261a78eeb641d3)] -> xpath: //span[contains(text(),'Credit Card')]]
2022-12-20 11:46:31 INFO  ConfirmOrderPage :45 - Verify shipping method[[ChromeDriver: chrome on WINDOWS (f919fc7fb584d12c7b261a78eeb641d3)] -> xpath: //div[1]/div[2]/div[2]/ul[1]/li[1]/span[2]]
2022-12-20 11:46:34 INFO  HomePage :52 - Mouse hover on Electronics tab[[ChromeDriver: chrome on WINDOWS (a61ea03994671875cfcd1b9a693c5c8d)] -> xpath: //div/ul[@class='top-menu notmobile']/li[2]/a[@href='/electronics']]
2022-12-20 11:46:34 INFO  HomePage :57 - Mouse hover on Cell phones tab and click[[ChromeDriver: chrome on WINDOWS (a61ea03994671875cfcd1b9a693c5c8d)] -> xpath: //body[1]/div[6]/div[2]/ul[1]/li[2]/ul[1]/li[2]/a[1]]
2022-12-20 11:46:37 INFO  CellPhonesPage :30 - Verify the Cell phones page text[[ChromeDriver: chrome on WINDOWS (a61ea03994671875cfcd1b9a693c5c8d)] -> xpath: //div[@class='page-title']/h1[text() = 'Cell phones']]
2022-12-20 11:46:38 INFO  CellPhonesPage :35 - Click on list view[[ChromeDriver: chrome on WINDOWS (a61ea03994671875cfcd1b9a693c5c8d)] -> xpath: //div/a[text()='List']]
2022-12-20 11:46:38 INFO  CellPhonesPage :40 - Click on Nokia lumia [[ChromeDriver: chrome on WINDOWS (a61ea03994671875cfcd1b9a693c5c8d)] -> xpath: //h2/a[text()='Nokia Lumia 1020']]
2022-12-20 11:49:50 INFO  HomePage :47 - Click on Desktop[[ChromeDriver: chrome on WINDOWS (5124b3cae0087f778fd9adc8bf536e7e)] -> link text: Desktops]
2022-12-20 11:49:52 INFO  DeskTopPage :30 - Select sort by Name: A to Z[[ChromeDriver: chrome on WINDOWS (5124b3cae0087f778fd9adc8bf536e7e)] -> name: products-orderby]
2022-12-20 11:49:55 INFO  DeskTopPage :36 - Click on add to cart button[[ChromeDriver: chrome on WINDOWS (5124b3cae0087f778fd9adc8bf536e7e)] -> xpath: //body/div[6]/div[3]/div[1]/div[3]/div[1]/div[2]/div[2]/div[2]/div[1]/div[1]/div[1]/div[1]/div[2]/div[3]/div[2]/button[1]]
2022-12-20 11:49:58 INFO  BuildYourOwnComputerPage :64 - Verify the Build your own computer page text[[ChromeDriver: chrome on WINDOWS (5124b3cae0087f778fd9adc8bf536e7e)] -> xpath: //h1[contains(text(),'Build your own computer')]]
2022-12-20 11:49:58 INFO  BuildYourOwnComputerPage :69 - Select processor 2.2 GHz Intel Pentium Dual-Core E2200[[ChromeDriver: chrome on WINDOWS (5124b3cae0087f778fd9adc8bf536e7e)] -> name: product_attribute_1]
2022-12-20 11:49:58 INFO  BuildYourOwnComputerPage :74 - Select ram 8GB [+$60.00]from dropdown list[[ChromeDriver: chrome on WINDOWS (5124b3cae0087f778fd9adc8bf536e7e)] -> name: product_attribute_2]
2022-12-20 11:49:59 INFO  BuildYourOwnComputerPage :78 - select hdd radio button[[ChromeDriver: chrome on WINDOWS (5124b3cae0087f778fd9adc8bf536e7e)] -> xpath: //input[@id='product_attribute_3_7']]
2022-12-20 11:49:59 INFO  BuildYourOwnComputerPage :82 - Select OS radio button[[ChromeDriver: chrome on WINDOWS (5124b3cae0087f778fd9adc8bf536e7e)] -> xpath: //input[@id='product_attribute_4_9']]
2022-12-20 11:49:59 INFO  BuildYourOwnComputerPage :86 - Select software[[ChromeDriver: chrome on WINDOWS (5124b3cae0087f778fd9adc8bf536e7e)] -> xpath: //input[@id='product_attribute_5_12']]
2022-12-20 11:50:00 INFO  BuildYourOwnComputerPage :90 - Verify the proce[[ChromeDriver: chrome on WINDOWS (5124b3cae0087f778fd9adc8bf536e7e)] -> xpath: //span[text() = '$1,475.00']]
2022-12-20 11:50:00 INFO  BuildYourOwnComputerPage :94 - Click on add to cart button[[ChromeDriver: chrome on WINDOWS (5124b3cae0087f778fd9adc8bf536e7e)] -> xpath: //button[@id='add-to-cart-button-1']]
2022-12-20 11:50:00 INFO  BuildYourOwnComputerPage :98 - Verify the messge on the top green bar[[ChromeDriver: chrome on WINDOWS (5124b3cae0087f778fd9adc8bf536e7e)] -> xpath: //body[1]/div[5]/div[1]/p[1]]
2022-12-20 11:50:00 INFO  BuildYourOwnComputerPage :102 - Click on the close bar[[ChromeDriver: chrome on WINDOWS (5124b3cae0087f778fd9adc8bf536e7e)] -> xpath: //body[1]/div[5]/div[1]/span[1]]
2022-12-20 11:50:00 INFO  BuildYourOwnComputerPage :106 - mouse howver on shopping cart[[ChromeDriver: chrome on WINDOWS (5124b3cae0087f778fd9adc8bf536e7e)] -> xpath: //span[contains(text(),'Shopping cart')]]
2022-12-20 11:50:00 INFO  BuildYourOwnComputerPage :110 - Click on shopping cart[[ChromeDriver: chrome on WINDOWS (5124b3cae0087f778fd9adc8bf536e7e)] -> xpath: //button[contains(text(),'Go to cart')]]
2022-12-20 11:50:02 INFO  ShoppingCartPage :49 - Verify Shopping cart text[[ChromeDriver: chrome on WINDOWS (5124b3cae0087f778fd9adc8bf536e7e)] -> xpath: //div[@class='page-title']/h1[contains(text(),'Shopping cart')]]
2022-12-20 11:50:05 INFO  ShoppingCartPage :55 - Update the quantity of product in shopping cart[[ChromeDriver: chrome on WINDOWS (5124b3cae0087f778fd9adc8bf536e7e)] -> xpath: //td[@class='quantity']/child::input]
2022-12-20 11:50:05 INFO  ShoppingCartPage :61 - Click on update Shopping cart button[[ChromeDriver: chrome on WINDOWS (5124b3cae0087f778fd9adc8bf536e7e)] -> xpath: //button[@id='updatecart']]
2022-12-20 11:50:10 INFO  ShoppingCartPage :65 - Verify the total price[[ChromeDriver: chrome on WINDOWS (5124b3cae0087f778fd9adc8bf536e7e)] -> xpath: //span[@class='product-subtotal'][text()='$2,950.00']]
2022-12-20 11:50:10 INFO  ShoppingCartPage :69 - Click on Check box[[ChromeDriver: chrome on WINDOWS (5124b3cae0087f778fd9adc8bf536e7e)] -> id: termsofservice]
2022-12-20 11:50:10 INFO  ShoppingCartPage :73 - Click on checkout button[[ChromeDriver: chrome on WINDOWS (5124b3cae0087f778fd9adc8bf536e7e)] -> xpath: //button[@id='checkout']]
2022-12-20 11:50:11 INFO  CheckOutAsGuest :29 - Verify the Welcome Text[[ChromeDriver: chrome on WINDOWS (5124b3cae0087f778fd9adc8bf536e7e)] -> xpath: //h1[text()='Welcome, Please Sign In!']]
2022-12-20 11:50:11 INFO  CheckOutAsGuest :33 - Click on proceed as guest button [[ChromeDriver: chrome on WINDOWS (5124b3cae0087f778fd9adc8bf536e7e)] -> xpath: //button[text()= 'Checkout as Guest']]
2022-12-20 11:50:15 INFO  BillingCheckOutPage :60 - Enter billing first nameLinda[[ChromeDriver: chrome on WINDOWS (5124b3cae0087f778fd9adc8bf536e7e)] -> id: BillingNewAddress_FirstName]
2022-12-20 11:50:15 INFO  BillingCheckOutPage :65 - Enter billing last nameSmith[[ChromeDriver: chrome on WINDOWS (5124b3cae0087f778fd9adc8bf536e7e)] -> id: BillingNewAddress_LastName]
2022-12-20 11:50:15 INFO  BillingCheckOutPage :70 - Enter billing email addresslinda.smith@gmail.com[[ChromeDriver: chrome on WINDOWS (5124b3cae0087f778fd9adc8bf536e7e)] -> id: BillingNewAddress_Email]
2022-12-20 11:50:15 INFO  BillingCheckOutPage :75 - Select Country United Kingdomfrom dropdown list[[ChromeDriver: chrome on WINDOWS (5124b3cae0087f778fd9adc8bf536e7e)] -> id: BillingNewAddress_CountryId]
2022-12-20 11:50:15 INFO  BillingCheckOutPage :85 - Enter the City Manchester[[ChromeDriver: chrome on WINDOWS (5124b3cae0087f778fd9adc8bf536e7e)] -> id: BillingNewAddress_City]
2022-12-20 11:50:15 INFO  BillingCheckOutPage :90 - Enter billing address269,Cambridge Lane[[ChromeDriver: chrome on WINDOWS (5124b3cae0087f778fd9adc8bf536e7e)] -> id: BillingNewAddress_Address1]
2022-12-20 11:50:15 INFO  BillingCheckOutPage :95 - Enter zipcode M12 9AWin zip code field[[ChromeDriver: chrome on WINDOWS (5124b3cae0087f778fd9adc8bf536e7e)] -> id: BillingNewAddress_ZipPostalCode]
2022-12-20 11:50:15 INFO  BillingCheckOutPage :100 - Enter phone number 5665995116994in phone no field[[ChromeDriver: chrome on WINDOWS (5124b3cae0087f778fd9adc8bf536e7e)] -> id: BillingNewAddress_PhoneNumber]
2022-12-20 11:50:16 INFO  BillingCheckOutPage :105 - Click on Checkout button[[ChromeDriver: chrome on WINDOWS (5124b3cae0087f778fd9adc8bf536e7e)] -> xpath: //div[1]/button[4]]
2022-12-20 11:50:16 INFO  ShippingMethodCheckoutPage :29 - Click on radio button next day air[[ChromeDriver: chrome on WINDOWS (5124b3cae0087f778fd9adc8bf536e7e)] -> id: shippingoption_1]
2022-12-20 11:50:16 INFO  ShippingMethodCheckoutPage :33 - Click on continue button[[ChromeDriver: chrome on WINDOWS (5124b3cae0087f778fd9adc8bf536e7e)] -> xpath: //body/div[6]/div[3]/div[1]/div[1]/div[1]/div[2]/ol[1]/li[3]/div[2]/form[1]/div[2]/button[1]]
2022-12-20 11:50:16 INFO  PaymentMethodCheckOut :25 - Enter Credit card[[ChromeDriver: chrome on WINDOWS (5124b3cae0087f778fd9adc8bf536e7e)] -> css selector: #paymentmethod_1]
2022-12-20 11:50:16 INFO  PaymentMethodCheckOut :29 - Click on Continue button[[ChromeDriver: chrome on WINDOWS (5124b3cae0087f778fd9adc8bf536e7e)] -> xpath: //ol[1]/li[4]/div[2]/div[1]/button[1]]
2022-12-20 11:50:17 INFO  PaymentCheckOut :44 - Select card type Master cardfrom the drop down list[[ChromeDriver: chrome on WINDOWS (5124b3cae0087f778fd9adc8bf536e7e)] -> id: CreditCardType]
2022-12-20 11:50:17 INFO  PaymentCheckOut :48 - Enter Card holder name Linda Smithin card holder name field[[ChromeDriver: chrome on WINDOWS (5124b3cae0087f778fd9adc8bf536e7e)] -> id: CardholderName]
2022-12-20 11:50:17 INFO  PaymentCheckOut :52 - Enter card number 5555555555554444in card no field[[ChromeDriver: chrome on WINDOWS (5124b3cae0087f778fd9adc8bf536e7e)] -> id: CardNumber]
2022-12-20 11:50:17 INFO  PaymentCheckOut :56 - Select expiry Month 02from dropdown[[ChromeDriver: chrome on WINDOWS (5124b3cae0087f778fd9adc8bf536e7e)] -> id: ExpireMonth]
2022-12-20 11:50:17 INFO  PaymentCheckOut :60 - Select expiry Year 2024from dropdown[[ChromeDriver: chrome on WINDOWS (5124b3cae0087f778fd9adc8bf536e7e)] -> id: ExpireYear]
2022-12-20 11:50:17 INFO  PaymentCheckOut :64 - Enter Card code 0123in card code field[[ChromeDriver: chrome on WINDOWS (5124b3cae0087f778fd9adc8bf536e7e)] -> id: CardCode]
2022-12-20 11:50:17 INFO  PaymentCheckOut :68 - Click on continue button[[ChromeDriver: chrome on WINDOWS (5124b3cae0087f778fd9adc8bf536e7e)] -> xpath: //button[@class='button-1 payment-info-next-step-button']]
2022-12-20 11:50:17 INFO  ConfirmOrderPage :41 - Verify credit card payment method[[ChromeDriver: chrome on WINDOWS (5124b3cae0087f778fd9adc8bf536e7e)] -> xpath: //span[contains(text(),'Credit Card')]]
2022-12-20 11:50:18 INFO  ConfirmOrderPage :45 - Verify shipping method[[ChromeDriver: chrome on WINDOWS (5124b3cae0087f778fd9adc8bf536e7e)] -> xpath: //div[1]/div[2]/div[2]/ul[1]/li[1]/span[2]]
2022-12-20 11:50:18 INFO  ConfirmOrderPage :49 - Verify the total price[[ChromeDriver: chrome on WINDOWS (5124b3cae0087f778fd9adc8bf536e7e)] -> xpath: //tbody/tr[4]/td[2]/span[1]/strong[1]]
2022-12-20 11:50:18 INFO  ConfirmOrderPage :53 - Click on Confirm button[[ChromeDriver: chrome on WINDOWS (5124b3cae0087f778fd9adc8bf536e7e)] -> xpath: //button[contains(text(),'Confirm')]]
2022-12-20 11:50:19 INFO  CompletedCheckoutPage :29 - Verify the Thank you Text[[ChromeDriver: chrome on WINDOWS (5124b3cae0087f778fd9adc8bf536e7e)] -> xpath: //h1[contains(text(),'Thank you')]]
2022-12-20 11:50:19 INFO  CompletedCheckoutPage :33 - Verify the order success text[[ChromeDriver: chrome on WINDOWS (5124b3cae0087f778fd9adc8bf536e7e)] -> xpath: //strong[contains(text(),'Your order has been successfully processed!')]]
2022-12-20 11:50:19 INFO  CompletedCheckoutPage :37 - Click on continue button[[ChromeDriver: chrome on WINDOWS (5124b3cae0087f778fd9adc8bf536e7e)] -> xpath: //button[contains(text(),'Continue')]]
2022-12-20 11:50:19 INFO  HomePage :62 - Verify the Welcome text[[ChromeDriver: chrome on WINDOWS (5124b3cae0087f778fd9adc8bf536e7e)] -> xpath: //h2[contains(text(),'Welcome to our store')]]
2022-12-20 11:50:27 INFO  HomePage :52 - Mouse hover on Electronics tab[[ChromeDriver: chrome on WINDOWS (233ef90acbdbc21580fef1ad85d7f420)] -> xpath: //div/ul[@class='top-menu notmobile']/li[2]/a[@href='/electronics']]
2022-12-20 11:50:27 INFO  HomePage :57 - Mouse hover on Cell phones tab and click[[ChromeDriver: chrome on WINDOWS (233ef90acbdbc21580fef1ad85d7f420)] -> xpath: //body[1]/div[6]/div[2]/ul[1]/li[2]/ul[1]/li[2]/a[1]]
2022-12-20 11:50:32 INFO  CellPhonesPage :30 - Verify the Cell phones page text[[ChromeDriver: chrome on WINDOWS (233ef90acbdbc21580fef1ad85d7f420)] -> xpath: //div[@class='page-title']/h1[text() = 'Cell phones']]
2022-12-20 11:50:32 INFO  CellPhonesPage :35 - Click on list view[[ChromeDriver: chrome on WINDOWS (233ef90acbdbc21580fef1ad85d7f420)] -> xpath: //div/a[text()='List']]
2022-12-20 11:50:35 INFO  CellPhonesPage :40 - Click on Nokia lumia [[ChromeDriver: chrome on WINDOWS (233ef90acbdbc21580fef1ad85d7f420)] -> xpath: //h2/a[text()='Nokia Lumia 1020']]
2022-12-20 11:50:37 INFO  NokiaLumiaPage :49 - Verify Nokia lumia Text[[ChromeDriver: chrome on WINDOWS (233ef90acbdbc21580fef1ad85d7f420)] -> xpath: //h1[contains(text(),'Nokia Lumia 1020')]]
2022-12-20 11:50:37 INFO  NokiaLumiaPage :54 - Verify Nokia price[[ChromeDriver: chrome on WINDOWS (233ef90acbdbc21580fef1ad85d7f420)] -> xpath: //span[@id='price-value-20']]
2022-12-20 11:50:37 INFO  NokiaLumiaPage :59 - Change the quantity of nokia product[[ChromeDriver: chrome on WINDOWS (233ef90acbdbc21580fef1ad85d7f420)] -> css selector: #product_enteredQuantity_20]
2022-12-20 11:50:38 INFO  NokiaLumiaPage :65 - Add the nokia phone to cart[[ChromeDriver: chrome on WINDOWS (233ef90acbdbc21580fef1ad85d7f420)] -> css selector: #add-to-cart-button-20]
2022-12-20 11:50:38 INFO  NokiaLumiaPage :70 - Verify that the product is added to the cart message[[ChromeDriver: chrome on WINDOWS (233ef90acbdbc21580fef1ad85d7f420)] -> xpath: //body/div[@id='bar-notification']/div[1]/p[1]]
2022-12-20 11:50:38 INFO  NokiaLumiaPage :75 - click on the cross button[[ChromeDriver: chrome on WINDOWS (233ef90acbdbc21580fef1ad85d7f420)] -> xpath: //body/div[@id='bar-notification']/div[1]/span[1]]
2022-12-20 11:50:38 INFO  NokiaLumiaPage :80 - Mouse hover on Shopping cart and click on Go to cart link[[ChromeDriver: chrome on WINDOWS (233ef90acbdbc21580fef1ad85d7f420)] -> xpath: //span[contains(text(),'Shopping cart')]][[ChromeDriver: chrome on WINDOWS (233ef90acbdbc21580fef1ad85d7f420)] -> xpath: //button[contains(text(),'Go to cart')]]
2022-12-20 11:50:40 INFO  ShoppingCartPage :49 - Verify Shopping cart text[[ChromeDriver: chrome on WINDOWS (233ef90acbdbc21580fef1ad85d7f420)] -> xpath: //div[@class='page-title']/h1[contains(text(),'Shopping cart')]]
2022-12-20 11:50:40 INFO  ShoppingCartPage :80 - Verify the product quantity[[ChromeDriver: chrome on WINDOWS (233ef90acbdbc21580fef1ad85d7f420)] -> xpath: //td[@class='quantity']/child::input]
2022-12-20 11:51:00 INFO  ShoppingCartPage :65 - Verify the total priceProxy element for: DefaultElementLocator 'By.xpath: //span[@class='product-subtotal'][text()='$2,950.00']'
2022-12-20 11:56:19 INFO  HomePage :52 - Mouse hover on Electronics tab[[ChromeDriver: chrome on WINDOWS (a7dfc10ae307bd2745f5b4cac2c22c5c)] -> xpath: //div/ul[@class='top-menu notmobile']/li[2]/a[@href='/electronics']]
2022-12-20 11:56:19 INFO  HomePage :57 - Mouse hover on Cell phones tab and click[[ChromeDriver: chrome on WINDOWS (a7dfc10ae307bd2745f5b4cac2c22c5c)] -> xpath: //body[1]/div[6]/div[2]/ul[1]/li[2]/ul[1]/li[2]/a[1]]
2022-12-20 11:56:23 INFO  CellPhonesPage :30 - Verify the Cell phones page text[[ChromeDriver: chrome on WINDOWS (a7dfc10ae307bd2745f5b4cac2c22c5c)] -> xpath: //div[@class='page-title']/h1[text() = 'Cell phones']]
2022-12-20 11:56:23 INFO  CellPhonesPage :35 - Click on list view[[ChromeDriver: chrome on WINDOWS (a7dfc10ae307bd2745f5b4cac2c22c5c)] -> xpath: //div/a[text()='List']]
2022-12-20 11:56:26 INFO  CellPhonesPage :40 - Click on Nokia lumia [[ChromeDriver: chrome on WINDOWS (a7dfc10ae307bd2745f5b4cac2c22c5c)] -> xpath: //h2/a[text()='Nokia Lumia 1020']]
2022-12-20 11:56:48 INFO  NokiaLumiaPage :49 - Verify Nokia lumia Text[[ChromeDriver: chrome on WINDOWS (a7dfc10ae307bd2745f5b4cac2c22c5c)] -> xpath: //h1[contains(text(),'Nokia Lumia 1020')]]
2022-12-20 11:56:48 INFO  NokiaLumiaPage :54 - Verify Nokia price[[ChromeDriver: chrome on WINDOWS (a7dfc10ae307bd2745f5b4cac2c22c5c)] -> xpath: //span[@id='price-value-20']]
2022-12-20 11:56:49 INFO  NokiaLumiaPage :59 - Change the quantity of nokia product[[ChromeDriver: chrome on WINDOWS (a7dfc10ae307bd2745f5b4cac2c22c5c)] -> css selector: #product_enteredQuantity_20]
2022-12-20 11:56:49 INFO  NokiaLumiaPage :65 - Add the nokia phone to cart[[ChromeDriver: chrome on WINDOWS (a7dfc10ae307bd2745f5b4cac2c22c5c)] -> css selector: #add-to-cart-button-20]
2022-12-20 11:56:50 INFO  NokiaLumiaPage :70 - Verify that the product is added to the cart message[[ChromeDriver: chrome on WINDOWS (a7dfc10ae307bd2745f5b4cac2c22c5c)] -> xpath: //body/div[@id='bar-notification']/div[1]/p[1]]
2022-12-20 11:56:50 INFO  NokiaLumiaPage :75 - click on the cross button[[ChromeDriver: chrome on WINDOWS (a7dfc10ae307bd2745f5b4cac2c22c5c)] -> xpath: //body/div[@id='bar-notification']/div[1]/span[1]]
2022-12-20 11:56:50 INFO  NokiaLumiaPage :80 - Mouse hover on Shopping cart and click on Go to cart link[[ChromeDriver: chrome on WINDOWS (a7dfc10ae307bd2745f5b4cac2c22c5c)] -> xpath: //span[contains(text(),'Shopping cart')]][[ChromeDriver: chrome on WINDOWS (a7dfc10ae307bd2745f5b4cac2c22c5c)] -> xpath: //button[contains(text(),'Go to cart')]]
2022-12-20 11:56:52 INFO  ShoppingCartPage :49 - Verify Shopping cart text[[ChromeDriver: chrome on WINDOWS (a7dfc10ae307bd2745f5b4cac2c22c5c)] -> xpath: //div[@class='page-title']/h1[contains(text(),'Shopping cart')]]
2022-12-20 11:56:52 INFO  ShoppingCartPage :80 - Verify the product quantity[[ChromeDriver: chrome on WINDOWS (a7dfc10ae307bd2745f5b4cac2c22c5c)] -> xpath: //td[@class='quantity']/child::input]
2022-12-20 11:57:12 INFO  ConfirmOrderPage :63 - Verify the total price of NokiaProxy element for: DefaultElementLocator 'By.xpath: confirmButton'
2022-12-20 12:01:33 INFO  HomePage :52 - Mouse hover on Electronics tab[[ChromeDriver: chrome on WINDOWS (10a2ccb67177394941c5f5d00efaeecb)] -> xpath: //div/ul[@class='top-menu notmobile']/li[2]/a[@href='/electronics']]
2022-12-20 12:01:34 INFO  HomePage :57 - Mouse hover on Cell phones tab and click[[ChromeDriver: chrome on WINDOWS (10a2ccb67177394941c5f5d00efaeecb)] -> xpath: //body[1]/div[6]/div[2]/ul[1]/li[2]/ul[1]/li[2]/a[1]]
2022-12-20 12:01:35 INFO  CellPhonesPage :30 - Verify the Cell phones page text[[ChromeDriver: chrome on WINDOWS (10a2ccb67177394941c5f5d00efaeecb)] -> xpath: //div[@class='page-title']/h1[text() = 'Cell phones']]
2022-12-20 12:01:35 INFO  CellPhonesPage :35 - Click on list view[[ChromeDriver: chrome on WINDOWS (10a2ccb67177394941c5f5d00efaeecb)] -> xpath: //div/a[text()='List']]
2022-12-20 12:01:38 INFO  CellPhonesPage :40 - Click on Nokia lumia [[ChromeDriver: chrome on WINDOWS (10a2ccb67177394941c5f5d00efaeecb)] -> xpath: //h2/a[text()='Nokia Lumia 1020']]
2022-12-20 12:01:41 INFO  NokiaLumiaPage :49 - Verify Nokia lumia Text[[ChromeDriver: chrome on WINDOWS (10a2ccb67177394941c5f5d00efaeecb)] -> xpath: //h1[contains(text(),'Nokia Lumia 1020')]]
2022-12-20 12:01:41 INFO  NokiaLumiaPage :54 - Verify Nokia price[[ChromeDriver: chrome on WINDOWS (10a2ccb67177394941c5f5d00efaeecb)] -> xpath: //span[@id='price-value-20']]
2022-12-20 12:01:41 INFO  NokiaLumiaPage :59 - Change the quantity of nokia product[[ChromeDriver: chrome on WINDOWS (10a2ccb67177394941c5f5d00efaeecb)] -> css selector: #product_enteredQuantity_20]
2022-12-20 12:01:41 INFO  NokiaLumiaPage :65 - Add the nokia phone to cart[[ChromeDriver: chrome on WINDOWS (10a2ccb67177394941c5f5d00efaeecb)] -> css selector: #add-to-cart-button-20]
2022-12-20 12:01:42 INFO  NokiaLumiaPage :70 - Verify that the product is added to the cart message[[ChromeDriver: chrome on WINDOWS (10a2ccb67177394941c5f5d00efaeecb)] -> xpath: //body/div[@id='bar-notification']/div[1]/p[1]]
2022-12-20 12:01:42 INFO  NokiaLumiaPage :75 - click on the cross button[[ChromeDriver: chrome on WINDOWS (10a2ccb67177394941c5f5d00efaeecb)] -> xpath: //body/div[@id='bar-notification']/div[1]/span[1]]
2022-12-20 12:01:42 INFO  NokiaLumiaPage :80 - Mouse hover on Shopping cart and click on Go to cart link[[ChromeDriver: chrome on WINDOWS (10a2ccb67177394941c5f5d00efaeecb)] -> xpath: //span[contains(text(),'Shopping cart')]][[ChromeDriver: chrome on WINDOWS (10a2ccb67177394941c5f5d00efaeecb)] -> xpath: //button[contains(text(),'Go to cart')]]
2022-12-20 12:01:43 INFO  ShoppingCartPage :49 - Verify Shopping cart text[[ChromeDriver: chrome on WINDOWS (10a2ccb67177394941c5f5d00efaeecb)] -> xpath: //div[@class='page-title']/h1[contains(text(),'Shopping cart')]]
2022-12-20 12:01:44 INFO  ShoppingCartPage :80 - Verify the product quantity[[ChromeDriver: chrome on WINDOWS (10a2ccb67177394941c5f5d00efaeecb)] -> xpath: //td[@class='quantity']/child::input]
2022-12-20 12:01:44 INFO  ConfirmOrderPage :63 - Verify the total price of Nokia[[ChromeDriver: chrome on WINDOWS (10a2ccb67177394941c5f5d00efaeecb)] -> xpath: //tbody/tr[4]/td[2]/span[1]/strong[1]]
2022-12-20 12:01:44 INFO  ShoppingCartPage :69 - Click on Check box[[ChromeDriver: chrome on WINDOWS (10a2ccb67177394941c5f5d00efaeecb)] -> id: termsofservice]
2022-12-20 12:01:44 INFO  ShoppingCartPage :73 - Click on checkout button[[ChromeDriver: chrome on WINDOWS (10a2ccb67177394941c5f5d00efaeecb)] -> xpath: //button[@id='checkout']]
2022-12-20 12:01:45 INFO  CheckOutAsGuest :29 - Verify the Welcome Text[[ChromeDriver: chrome on WINDOWS (10a2ccb67177394941c5f5d00efaeecb)] -> xpath: //h1[text()='Welcome, Please Sign In!']]
2022-12-20 12:01:45 INFO  CheckOutAsGuest :38 - Click on Register tab[[ChromeDriver: chrome on WINDOWS (10a2ccb67177394941c5f5d00efaeecb)] -> xpath: //button[contains(text(),'Register')]]
2022-12-20 12:02:06 INFO  RegisterPage :52 - Verify the Register page TextProxy element for: DefaultElementLocator 'By.xpath: //div[contains(text(),'Your registration completed')]'
2022-12-20 12:02:06 INFO  RegisterPage :57 - Enter first nameTestVh in the first name field[[ChromeDriver: chrome on WINDOWS (10a2ccb67177394941c5f5d00efaeecb)] -> id: FirstName]
2022-12-20 12:02:06 INFO  RegisterPage :61 - Enter Last nameCocomelon in the Last name field[[ChromeDriver: chrome on WINDOWS (10a2ccb67177394941c5f5d00efaeecb)] -> id: LastName]
2022-12-20 12:02:06 INFO  RegisterPage :65 - Enter email addresscocomelon1@gmail.comin the email address field[[ChromeDriver: chrome on WINDOWS (10a2ccb67177394941c5f5d00efaeecb)] -> id: Email]
2022-12-20 12:02:06 INFO  RegisterPage :69 - Enter passwordPassword123 in the  password field[[ChromeDriver: chrome on WINDOWS (10a2ccb67177394941c5f5d00efaeecb)] -> id: Password]
2022-12-20 12:02:06 INFO  RegisterPage :73 - Enter Confirm passwordPassword123 in the confirm password field[[ChromeDriver: chrome on WINDOWS (10a2ccb67177394941c5f5d00efaeecb)] -> id: ConfirmPassword]
2022-12-20 12:02:06 INFO  RegisterPage :78 - Click on Register button[[ChromeDriver: chrome on WINDOWS (10a2ccb67177394941c5f5d00efaeecb)] -> id: register-button]
2022-12-20 12:02:08 INFO  RegisterPage :83 - verify the Registration page text[[ChromeDriver: chrome on WINDOWS (10a2ccb67177394941c5f5d00efaeecb)] -> xpath: //div[contains(text(),'Your registration completed')]]
2022-12-20 12:02:08 INFO  RegisterPage :88 - Click on Continue button[[ChromeDriver: chrome on WINDOWS (10a2ccb67177394941c5f5d00efaeecb)] -> xpath: //a[contains(text(),'Continue')]]
2022-12-20 12:02:08 INFO  ShoppingCartPage :49 - Verify Shopping cart text[[ChromeDriver: chrome on WINDOWS (10a2ccb67177394941c5f5d00efaeecb)] -> xpath: //div[@class='page-title']/h1[contains(text(),'Shopping cart')]]
2022-12-20 12:02:28 INFO  ShoppingCartPage :69 - Click on Check boxProxy element for: DefaultElementLocator 'By.id: termsofservice'
2022-12-20 12:13:26 INFO  HomePage :56 - Mouse hover on Electronics tab[[ChromeDriver: chrome on WINDOWS (d6680becc55dc7b11c1b8073b519ec3e)] -> xpath: //div/ul[@class='top-menu notmobile']/li[2]/a[@href='/electronics']]
2022-12-20 12:13:26 INFO  HomePage :61 - Mouse hover on Cell phones tab and click[[ChromeDriver: chrome on WINDOWS (d6680becc55dc7b11c1b8073b519ec3e)] -> xpath: //body[1]/div[6]/div[2]/ul[1]/li[2]/ul[1]/li[2]/a[1]]
2022-12-20 12:13:29 INFO  CellPhonesPage :30 - Verify the Cell phones page text[[ChromeDriver: chrome on WINDOWS (d6680becc55dc7b11c1b8073b519ec3e)] -> xpath: //div[@class='page-title']/h1[text() = 'Cell phones']]
2022-12-20 12:13:29 INFO  CellPhonesPage :35 - Click on list view[[ChromeDriver: chrome on WINDOWS (d6680becc55dc7b11c1b8073b519ec3e)] -> xpath: //div/a[text()='List']]
2022-12-20 12:13:32 INFO  CellPhonesPage :40 - Click on Nokia lumia [[ChromeDriver: chrome on WINDOWS (d6680becc55dc7b11c1b8073b519ec3e)] -> xpath: //h2/a[text()='Nokia Lumia 1020']]
2022-12-20 12:13:35 INFO  NokiaLumiaPage :49 - Verify Nokia lumia Text[[ChromeDriver: chrome on WINDOWS (d6680becc55dc7b11c1b8073b519ec3e)] -> xpath: //h1[contains(text(),'Nokia Lumia 1020')]]
2022-12-20 12:13:35 INFO  NokiaLumiaPage :54 - Verify Nokia price[[ChromeDriver: chrome on WINDOWS (d6680becc55dc7b11c1b8073b519ec3e)] -> xpath: //span[@id='price-value-20']]
2022-12-20 12:13:35 INFO  NokiaLumiaPage :59 - Change the quantity of nokia product[[ChromeDriver: chrome on WINDOWS (d6680becc55dc7b11c1b8073b519ec3e)] -> css selector: #product_enteredQuantity_20]
2022-12-20 12:13:35 INFO  NokiaLumiaPage :65 - Add the nokia phone to cart[[ChromeDriver: chrome on WINDOWS (d6680becc55dc7b11c1b8073b519ec3e)] -> css selector: #add-to-cart-button-20]
2022-12-20 12:13:36 INFO  NokiaLumiaPage :70 - Verify that the product is added to the cart message[[ChromeDriver: chrome on WINDOWS (d6680becc55dc7b11c1b8073b519ec3e)] -> xpath: //body/div[@id='bar-notification']/div[1]/p[1]]
2022-12-20 12:13:36 INFO  NokiaLumiaPage :75 - click on the cross button[[ChromeDriver: chrome on WINDOWS (d6680becc55dc7b11c1b8073b519ec3e)] -> xpath: //body/div[@id='bar-notification']/div[1]/span[1]]
2022-12-20 12:13:36 INFO  NokiaLumiaPage :80 - Mouse hover on Shopping cart and click on Go to cart link[[ChromeDriver: chrome on WINDOWS (d6680becc55dc7b11c1b8073b519ec3e)] -> xpath: //span[contains(text(),'Shopping cart')]][[ChromeDriver: chrome on WINDOWS (d6680becc55dc7b11c1b8073b519ec3e)] -> xpath: //button[contains(text(),'Go to cart')]]
2022-12-20 12:13:38 INFO  ShoppingCartPage :49 - Verify Shopping cart text[[ChromeDriver: chrome on WINDOWS (d6680becc55dc7b11c1b8073b519ec3e)] -> xpath: //div[@class='page-title']/h1[contains(text(),'Shopping cart')]]
2022-12-20 12:13:38 INFO  ShoppingCartPage :80 - Verify the product quantity[[ChromeDriver: chrome on WINDOWS (d6680becc55dc7b11c1b8073b519ec3e)] -> xpath: //td[@class='quantity']/child::input]
2022-12-20 12:13:38 INFO  ConfirmOrderPage :63 - Verify the total price of Nokia[[ChromeDriver: chrome on WINDOWS (d6680becc55dc7b11c1b8073b519ec3e)] -> xpath: //tbody/tr[4]/td[2]/span[1]/strong[1]]
2022-12-20 12:13:38 INFO  ShoppingCartPage :69 - Click on Check box[[ChromeDriver: chrome on WINDOWS (d6680becc55dc7b11c1b8073b519ec3e)] -> id: termsofservice]
2022-12-20 12:13:38 INFO  ShoppingCartPage :73 - Click on checkout button[[ChromeDriver: chrome on WINDOWS (d6680becc55dc7b11c1b8073b519ec3e)] -> xpath: //button[@id='checkout']]
2022-12-20 12:13:40 INFO  CheckOutAsGuest :29 - Verify the Welcome Text[[ChromeDriver: chrome on WINDOWS (d6680becc55dc7b11c1b8073b519ec3e)] -> xpath: //h1[text()='Welcome, Please Sign In!']]
2022-12-20 12:13:40 INFO  CheckOutAsGuest :38 - Click on Register tab[[ChromeDriver: chrome on WINDOWS (d6680becc55dc7b11c1b8073b519ec3e)] -> xpath: //button[contains(text(),'Register')]]
2022-12-20 12:14:00 INFO  RegisterPage :52 - Verify the Register page TextProxy element for: DefaultElementLocator 'By.xpath: //div[contains(text(),'Your registration completed')]'
2022-12-20 12:14:00 INFO  RegisterPage :57 - Enter first nameTestVh in the first name field[[ChromeDriver: chrome on WINDOWS (d6680becc55dc7b11c1b8073b519ec3e)] -> id: FirstName]
2022-12-20 12:14:00 INFO  RegisterPage :61 - Enter Last nameCocomelon in the Last name field[[ChromeDriver: chrome on WINDOWS (d6680becc55dc7b11c1b8073b519ec3e)] -> id: LastName]
2022-12-20 12:14:00 INFO  RegisterPage :65 - Enter email addresscocomelon1@gmail.comin the email address field[[ChromeDriver: chrome on WINDOWS (d6680becc55dc7b11c1b8073b519ec3e)] -> id: Email]
2022-12-20 12:14:00 INFO  RegisterPage :69 - Enter passwordPassword123 in the  password field[[ChromeDriver: chrome on WINDOWS (d6680becc55dc7b11c1b8073b519ec3e)] -> id: Password]
2022-12-20 12:14:00 INFO  RegisterPage :73 - Enter Confirm passwordPassword123 in the confirm password field[[ChromeDriver: chrome on WINDOWS (d6680becc55dc7b11c1b8073b519ec3e)] -> id: ConfirmPassword]
2022-12-20 12:14:01 INFO  RegisterPage :78 - Click on Register button[[ChromeDriver: chrome on WINDOWS (d6680becc55dc7b11c1b8073b519ec3e)] -> id: register-button]
2022-12-20 12:14:21 INFO  RegisterPage :83 - verify the Registration page textProxy element for: DefaultElementLocator 'By.xpath: //div[contains(text(),'Your registration completed')]'
2022-12-20 12:19:17 INFO  HomePage :56 - Mouse hover on Electronics tab[[ChromeDriver: chrome on WINDOWS (a9e1979cd37a09f1534081ad4e60b9a8)] -> xpath: //div/ul[@class='top-menu notmobile']/li[2]/a[@href='/electronics']]
2022-12-20 12:19:17 INFO  HomePage :61 - Mouse hover on Cell phones tab and click[[ChromeDriver: chrome on WINDOWS (a9e1979cd37a09f1534081ad4e60b9a8)] -> xpath: //body[1]/div[6]/div[2]/ul[1]/li[2]/ul[1]/li[2]/a[1]]
2022-12-20 12:19:21 INFO  CellPhonesPage :30 - Verify the Cell phones page text[[ChromeDriver: chrome on WINDOWS (a9e1979cd37a09f1534081ad4e60b9a8)] -> xpath: //div[@class='page-title']/h1[text() = 'Cell phones']]
2022-12-20 12:19:21 INFO  CellPhonesPage :35 - Click on list view[[ChromeDriver: chrome on WINDOWS (a9e1979cd37a09f1534081ad4e60b9a8)] -> xpath: //div/a[text()='List']]
2022-12-20 12:19:24 INFO  CellPhonesPage :40 - Click on Nokia lumia [[ChromeDriver: chrome on WINDOWS (a9e1979cd37a09f1534081ad4e60b9a8)] -> xpath: //h2/a[text()='Nokia Lumia 1020']]
2022-12-20 12:19:27 INFO  NokiaLumiaPage :49 - Verify Nokia lumia Text[[ChromeDriver: chrome on WINDOWS (a9e1979cd37a09f1534081ad4e60b9a8)] -> xpath: //h1[contains(text(),'Nokia Lumia 1020')]]
2022-12-20 12:19:27 INFO  NokiaLumiaPage :54 - Verify Nokia price[[ChromeDriver: chrome on WINDOWS (a9e1979cd37a09f1534081ad4e60b9a8)] -> xpath: //span[@id='price-value-20']]
2022-12-20 12:19:27 INFO  NokiaLumiaPage :59 - Change the quantity of nokia product[[ChromeDriver: chrome on WINDOWS (a9e1979cd37a09f1534081ad4e60b9a8)] -> css selector: #product_enteredQuantity_20]
2022-12-20 12:19:27 INFO  NokiaLumiaPage :65 - Add the nokia phone to cart[[ChromeDriver: chrome on WINDOWS (a9e1979cd37a09f1534081ad4e60b9a8)] -> css selector: #add-to-cart-button-20]
2022-12-20 12:19:27 INFO  NokiaLumiaPage :70 - Verify that the product is added to the cart message[[ChromeDriver: chrome on WINDOWS (a9e1979cd37a09f1534081ad4e60b9a8)] -> xpath: //body/div[@id='bar-notification']/div[1]/p[1]]
2022-12-20 12:19:27 INFO  NokiaLumiaPage :75 - click on the cross button[[ChromeDriver: chrome on WINDOWS (a9e1979cd37a09f1534081ad4e60b9a8)] -> xpath: //body/div[@id='bar-notification']/div[1]/span[1]]
2022-12-20 12:19:27 INFO  NokiaLumiaPage :80 - Mouse hover on Shopping cart and click on Go to cart link[[ChromeDriver: chrome on WINDOWS (a9e1979cd37a09f1534081ad4e60b9a8)] -> xpath: //span[contains(text(),'Shopping cart')]][[ChromeDriver: chrome on WINDOWS (a9e1979cd37a09f1534081ad4e60b9a8)] -> xpath: //button[contains(text(),'Go to cart')]]
2022-12-20 12:19:29 INFO  ShoppingCartPage :49 - Verify Shopping cart text[[ChromeDriver: chrome on WINDOWS (a9e1979cd37a09f1534081ad4e60b9a8)] -> xpath: //div[@class='page-title']/h1[contains(text(),'Shopping cart')]]
2022-12-20 12:19:29 INFO  ShoppingCartPage :80 - Verify the product quantity[[ChromeDriver: chrome on WINDOWS (a9e1979cd37a09f1534081ad4e60b9a8)] -> xpath: //td[@class='quantity']/child::input]
2022-12-20 12:19:29 INFO  ConfirmOrderPage :63 - Verify the total price of Nokia[[ChromeDriver: chrome on WINDOWS (a9e1979cd37a09f1534081ad4e60b9a8)] -> xpath: //tbody/tr[4]/td[2]/span[1]/strong[1]]
2022-12-20 12:19:29 INFO  ShoppingCartPage :69 - Click on Check box[[ChromeDriver: chrome on WINDOWS (a9e1979cd37a09f1534081ad4e60b9a8)] -> id: termsofservice]
2022-12-20 12:19:29 INFO  ShoppingCartPage :73 - Click on checkout button[[ChromeDriver: chrome on WINDOWS (a9e1979cd37a09f1534081ad4e60b9a8)] -> xpath: //button[@id='checkout']]
2022-12-20 12:19:30 INFO  CheckOutAsGuest :29 - Verify the Welcome Text[[ChromeDriver: chrome on WINDOWS (a9e1979cd37a09f1534081ad4e60b9a8)] -> xpath: //h1[text()='Welcome, Please Sign In!']]
2022-12-20 12:19:30 INFO  CheckOutAsGuest :38 - Click on Register tab[[ChromeDriver: chrome on WINDOWS (a9e1979cd37a09f1534081ad4e60b9a8)] -> xpath: //button[contains(text(),'Register')]]
2022-12-20 12:19:51 INFO  RegisterPage :52 - Verify the Register page TextProxy element for: DefaultElementLocator 'By.xpath: //div[contains(text(),'Your registration completed')]'
2022-12-20 12:19:51 INFO  RegisterPage :57 - Enter first nameTestVh in the first name field[[ChromeDriver: chrome on WINDOWS (a9e1979cd37a09f1534081ad4e60b9a8)] -> id: FirstName]
2022-12-20 12:19:51 INFO  RegisterPage :61 - Enter Last nameCocomelon in the Last name field[[ChromeDriver: chrome on WINDOWS (a9e1979cd37a09f1534081ad4e60b9a8)] -> id: LastName]
2022-12-20 12:19:51 INFO  RegisterPage :65 - Enter email addresscocomelon2@gmail.comin the email address field[[ChromeDriver: chrome on WINDOWS (a9e1979cd37a09f1534081ad4e60b9a8)] -> id: Email]
2022-12-20 12:19:51 INFO  RegisterPage :69 - Enter passwordPassword123 in the  password field[[ChromeDriver: chrome on WINDOWS (a9e1979cd37a09f1534081ad4e60b9a8)] -> id: Password]
2022-12-20 12:19:51 INFO  RegisterPage :73 - Enter Confirm passwordPassword123 in the confirm password field[[ChromeDriver: chrome on WINDOWS (a9e1979cd37a09f1534081ad4e60b9a8)] -> id: ConfirmPassword]
2022-12-20 12:19:51 INFO  RegisterPage :78 - Click on Register button[[ChromeDriver: chrome on WINDOWS (a9e1979cd37a09f1534081ad4e60b9a8)] -> id: register-button]
2022-12-20 12:19:52 INFO  RegisterPage :83 - verify the Registration page text[[ChromeDriver: chrome on WINDOWS (a9e1979cd37a09f1534081ad4e60b9a8)] -> xpath: //div[contains(text(),'Your registration completed')]]
2022-12-20 12:19:52 INFO  RegisterPage :88 - Click on Continue button[[ChromeDriver: chrome on WINDOWS (a9e1979cd37a09f1534081ad4e60b9a8)] -> xpath: //a[contains(text(),'Continue')]]
2022-12-20 12:19:53 INFO  ShoppingCartPage :49 - Verify Shopping cart text[[ChromeDriver: chrome on WINDOWS (a9e1979cd37a09f1534081ad4e60b9a8)] -> xpath: //div[@class='page-title']/h1[contains(text(),'Shopping cart')]]
2022-12-20 12:19:53 INFO  HomePage :76 - Click on Log in button[[ChromeDriver: chrome on WINDOWS (a9e1979cd37a09f1534081ad4e60b9a8)] -> xpath: //a[contains(text(),'Log in')]]
2022-12-20 12:19:53 INFO  LoginPage :27 - Enter email cocomelon2@gmail.com to email field [[ChromeDriver: chrome on WINDOWS (a9e1979cd37a09f1534081ad4e60b9a8)] -> id: Email]
2022-12-20 12:19:53 INFO  LoginPage :32 - Enter password Password123 to password field [[ChromeDriver: chrome on WINDOWS (a9e1979cd37a09f1534081ad4e60b9a8)] -> name: Password]
2022-12-20 12:19:53 INFO  LoginPage :37 - Clicking on Login Button[[ChromeDriver: chrome on WINDOWS (a9e1979cd37a09f1534081ad4e60b9a8)] -> xpath: //button[contains(text(),'Log in')]]
2022-12-20 12:19:54 INFO  ShoppingCartPage :69 - Click on Check box[[ChromeDriver: chrome on WINDOWS (a9e1979cd37a09f1534081ad4e60b9a8)] -> id: termsofservice]
2022-12-20 12:19:54 INFO  ShoppingCartPage :73 - Click on checkout button[[ChromeDriver: chrome on WINDOWS (a9e1979cd37a09f1534081ad4e60b9a8)] -> xpath: //button[@id='checkout']]
2022-12-20 12:19:56 INFO  BillingCheckOutPage :75 - Select Country United Kingdomfrom dropdown list[[ChromeDriver: chrome on WINDOWS (a9e1979cd37a09f1534081ad4e60b9a8)] -> id: BillingNewAddress_CountryId]
2022-12-20 12:19:56 INFO  BillingCheckOutPage :85 - Enter the City Manchester[[ChromeDriver: chrome on WINDOWS (a9e1979cd37a09f1534081ad4e60b9a8)] -> id: BillingNewAddress_City]
2022-12-20 12:19:56 INFO  BillingCheckOutPage :90 - Enter billing address269,Cambridge Lane[[ChromeDriver: chrome on WINDOWS (a9e1979cd37a09f1534081ad4e60b9a8)] -> id: BillingNewAddress_Address1]
2022-12-20 12:19:56 INFO  BillingCheckOutPage :95 - Enter zipcode M12 9AWin zip code field[[ChromeDriver: chrome on WINDOWS (a9e1979cd37a09f1534081ad4e60b9a8)] -> id: BillingNewAddress_ZipPostalCode]
2022-12-20 12:19:56 INFO  BillingCheckOutPage :100 - Enter phone number 5665995116994in phone no field[[ChromeDriver: chrome on WINDOWS (a9e1979cd37a09f1534081ad4e60b9a8)] -> id: BillingNewAddress_PhoneNumber]
2022-12-20 12:19:56 INFO  BillingCheckOutPage :110 - Click on continue button[[ChromeDriver: chrome on WINDOWS (a9e1979cd37a09f1534081ad4e60b9a8)] -> xpath: //body/div[6]/div[3]/div[1]/div[1]/div[1]/div[2]/ol[1]/li[1]/div[2]/div[1]/button[4]]
2022-12-20 12:19:56 INFO  ShippingMethodCheckoutPage :38 - Click on radio button second day air[[ChromeDriver: chrome on WINDOWS (a9e1979cd37a09f1534081ad4e60b9a8)] -> xpath: //input[@id='shippingoption_2']]
2022-12-20 12:19:56 INFO  ShippingMethodCheckoutPage :33 - Click on continue button[[ChromeDriver: chrome on WINDOWS (a9e1979cd37a09f1534081ad4e60b9a8)] -> xpath: //body/div[6]/div[3]/div[1]/div[1]/div[1]/div[2]/ol[1]/li[3]/div[2]/form[1]/div[2]/button[1]]
2022-12-20 12:19:57 INFO  PaymentMethodCheckOut :25 - Enter Credit card[[ChromeDriver: chrome on WINDOWS (a9e1979cd37a09f1534081ad4e60b9a8)] -> css selector: #paymentmethod_1]
2022-12-20 12:19:57 INFO  PaymentMethodCheckOut :29 - Click on Continue button[[ChromeDriver: chrome on WINDOWS (a9e1979cd37a09f1534081ad4e60b9a8)] -> xpath: //ol[1]/li[4]/div[2]/div[1]/button[1]]
2022-12-20 12:19:57 INFO  PaymentCheckOut :44 - Select card type Visafrom the drop down list[[ChromeDriver: chrome on WINDOWS (a9e1979cd37a09f1534081ad4e60b9a8)] -> id: CreditCardType]
2022-12-20 12:19:57 INFO  PaymentCheckOut :48 - Enter Card holder name TestVh Cocomelonin card holder name field[[ChromeDriver: chrome on WINDOWS (a9e1979cd37a09f1534081ad4e60b9a8)] -> id: CardholderName]
2022-12-20 12:19:57 INFO  PaymentCheckOut :52 - Enter card number 4222222222222in card no field[[ChromeDriver: chrome on WINDOWS (a9e1979cd37a09f1534081ad4e60b9a8)] -> id: CardNumber]
2022-12-20 12:19:57 INFO  PaymentCheckOut :56 - Select expiry Month 02from dropdown[[ChromeDriver: chrome on WINDOWS (a9e1979cd37a09f1534081ad4e60b9a8)] -> id: ExpireMonth]
2022-12-20 12:19:58 INFO  PaymentCheckOut :60 - Select expiry Year 2025from dropdown[[ChromeDriver: chrome on WINDOWS (a9e1979cd37a09f1534081ad4e60b9a8)] -> id: ExpireYear]
2022-12-20 12:19:58 INFO  PaymentCheckOut :64 - Enter Card code 082in card code field[[ChromeDriver: chrome on WINDOWS (a9e1979cd37a09f1534081ad4e60b9a8)] -> id: CardCode]
2022-12-20 12:19:58 INFO  PaymentCheckOut :68 - Click on continue button[[ChromeDriver: chrome on WINDOWS (a9e1979cd37a09f1534081ad4e60b9a8)] -> xpath: //button[@class='button-1 payment-info-next-step-button']]
2022-12-20 12:19:58 INFO  ConfirmOrderPage :41 - Verify credit card payment method[[ChromeDriver: chrome on WINDOWS (a9e1979cd37a09f1534081ad4e60b9a8)] -> xpath: //span[contains(text(),'Credit Card')]]
2022-12-20 12:19:58 INFO  ConfirmOrderPage :45 - Verify shipping method[[ChromeDriver: chrome on WINDOWS (a9e1979cd37a09f1534081ad4e60b9a8)] -> xpath: //div[1]/div[2]/div[2]/ul[1]/li[1]/span[2]]
2022-12-20 12:22:42 INFO  HomePage :56 - Mouse hover on Electronics tab[[ChromeDriver: chrome on WINDOWS (4973cbf0c7bbfc948627c1a2a88fafd3)] -> xpath: //div/ul[@class='top-menu notmobile']/li[2]/a[@href='/electronics']]
2022-12-20 12:22:42 INFO  HomePage :61 - Mouse hover on Cell phones tab and click[[ChromeDriver: chrome on WINDOWS (4973cbf0c7bbfc948627c1a2a88fafd3)] -> xpath: //body[1]/div[6]/div[2]/ul[1]/li[2]/ul[1]/li[2]/a[1]]
2022-12-20 12:22:47 INFO  CellPhonesPage :30 - Verify the Cell phones page text[[ChromeDriver: chrome on WINDOWS (4973cbf0c7bbfc948627c1a2a88fafd3)] -> xpath: //div[@class='page-title']/h1[text() = 'Cell phones']]
2022-12-20 12:22:47 INFO  CellPhonesPage :35 - Click on list view[[ChromeDriver: chrome on WINDOWS (4973cbf0c7bbfc948627c1a2a88fafd3)] -> xpath: //div/a[text()='List']]
2022-12-20 12:22:50 INFO  CellPhonesPage :40 - Click on Nokia lumia [[ChromeDriver: chrome on WINDOWS (4973cbf0c7bbfc948627c1a2a88fafd3)] -> xpath: //h2/a[text()='Nokia Lumia 1020']]
2022-12-20 12:22:53 INFO  NokiaLumiaPage :49 - Verify Nokia lumia Text[[ChromeDriver: chrome on WINDOWS (4973cbf0c7bbfc948627c1a2a88fafd3)] -> xpath: //h1[contains(text(),'Nokia Lumia 1020')]]
2022-12-20 12:22:53 INFO  NokiaLumiaPage :54 - Verify Nokia price[[ChromeDriver: chrome on WINDOWS (4973cbf0c7bbfc948627c1a2a88fafd3)] -> xpath: //span[@id='price-value-20']]
2022-12-20 12:22:53 INFO  NokiaLumiaPage :59 - Change the quantity of nokia product[[ChromeDriver: chrome on WINDOWS (4973cbf0c7bbfc948627c1a2a88fafd3)] -> css selector: #product_enteredQuantity_20]
2022-12-20 12:22:53 INFO  NokiaLumiaPage :65 - Add the nokia phone to cart[[ChromeDriver: chrome on WINDOWS (4973cbf0c7bbfc948627c1a2a88fafd3)] -> css selector: #add-to-cart-button-20]
2022-12-20 12:22:53 INFO  NokiaLumiaPage :70 - Verify that the product is added to the cart message[[ChromeDriver: chrome on WINDOWS (4973cbf0c7bbfc948627c1a2a88fafd3)] -> xpath: //body/div[@id='bar-notification']/div[1]/p[1]]
2022-12-20 12:22:53 INFO  NokiaLumiaPage :75 - click on the cross button[[ChromeDriver: chrome on WINDOWS (4973cbf0c7bbfc948627c1a2a88fafd3)] -> xpath: //body/div[@id='bar-notification']/div[1]/span[1]]
2022-12-20 12:22:53 INFO  NokiaLumiaPage :80 - Mouse hover on Shopping cart and click on Go to cart link[[ChromeDriver: chrome on WINDOWS (4973cbf0c7bbfc948627c1a2a88fafd3)] -> xpath: //span[contains(text(),'Shopping cart')]][[ChromeDriver: chrome on WINDOWS (4973cbf0c7bbfc948627c1a2a88fafd3)] -> xpath: //button[contains(text(),'Go to cart')]]
2022-12-20 12:22:56 INFO  ShoppingCartPage :49 - Verify Shopping cart text[[ChromeDriver: chrome on WINDOWS (4973cbf0c7bbfc948627c1a2a88fafd3)] -> xpath: //div[@class='page-title']/h1[contains(text(),'Shopping cart')]]
2022-12-20 12:22:56 INFO  ShoppingCartPage :80 - Verify the product quantity[[ChromeDriver: chrome on WINDOWS (4973cbf0c7bbfc948627c1a2a88fafd3)] -> xpath: //td[@class='quantity']/child::input]
2022-12-20 12:22:56 INFO  ConfirmOrderPage :63 - Verify the total price of Nokia[[ChromeDriver: chrome on WINDOWS (4973cbf0c7bbfc948627c1a2a88fafd3)] -> xpath: //tbody/tr[4]/td[2]/span[1]/strong[1]]
2022-12-20 12:22:56 INFO  ShoppingCartPage :69 - Click on Check box[[ChromeDriver: chrome on WINDOWS (4973cbf0c7bbfc948627c1a2a88fafd3)] -> id: termsofservice]
2022-12-20 12:22:56 INFO  ShoppingCartPage :73 - Click on checkout button[[ChromeDriver: chrome on WINDOWS (4973cbf0c7bbfc948627c1a2a88fafd3)] -> xpath: //button[@id='checkout']]
2022-12-20 12:22:57 INFO  CheckOutAsGuest :29 - Verify the Welcome Text[[ChromeDriver: chrome on WINDOWS (4973cbf0c7bbfc948627c1a2a88fafd3)] -> xpath: //h1[text()='Welcome, Please Sign In!']]
2022-12-20 12:22:57 INFO  CheckOutAsGuest :38 - Click on Register tab[[ChromeDriver: chrome on WINDOWS (4973cbf0c7bbfc948627c1a2a88fafd3)] -> xpath: //button[contains(text(),'Register')]]
2022-12-20 12:23:18 INFO  RegisterPage :52 - Verify the Register page TextProxy element for: DefaultElementLocator 'By.xpath: //div[contains(text(),'Your registration completed')]'
2022-12-20 12:23:18 INFO  RegisterPage :57 - Enter first nameTestVh in the first name field[[ChromeDriver: chrome on WINDOWS (4973cbf0c7bbfc948627c1a2a88fafd3)] -> id: FirstName]
2022-12-20 12:23:18 INFO  RegisterPage :61 - Enter Last nameCocomelon in the Last name field[[ChromeDriver: chrome on WINDOWS (4973cbf0c7bbfc948627c1a2a88fafd3)] -> id: LastName]
2022-12-20 12:23:18 INFO  RegisterPage :65 - Enter email addresscocomelon3@gmail.comin the email address field[[ChromeDriver: chrome on WINDOWS (4973cbf0c7bbfc948627c1a2a88fafd3)] -> id: Email]
2022-12-20 12:23:18 INFO  RegisterPage :69 - Enter passwordPassword123 in the  password field[[ChromeDriver: chrome on WINDOWS (4973cbf0c7bbfc948627c1a2a88fafd3)] -> id: Password]
2022-12-20 12:23:18 INFO  RegisterPage :73 - Enter Confirm passwordPassword123 in the confirm password field[[ChromeDriver: chrome on WINDOWS (4973cbf0c7bbfc948627c1a2a88fafd3)] -> id: ConfirmPassword]
2022-12-20 12:23:18 INFO  RegisterPage :78 - Click on Register button[[ChromeDriver: chrome on WINDOWS (4973cbf0c7bbfc948627c1a2a88fafd3)] -> id: register-button]
2022-12-20 12:23:19 INFO  RegisterPage :83 - verify the Registration page text[[ChromeDriver: chrome on WINDOWS (4973cbf0c7bbfc948627c1a2a88fafd3)] -> xpath: //div[contains(text(),'Your registration completed')]]
2022-12-20 12:23:19 INFO  RegisterPage :88 - Click on Continue button[[ChromeDriver: chrome on WINDOWS (4973cbf0c7bbfc948627c1a2a88fafd3)] -> xpath: //a[contains(text(),'Continue')]]
2022-12-20 12:23:19 INFO  ShoppingCartPage :49 - Verify Shopping cart text[[ChromeDriver: chrome on WINDOWS (4973cbf0c7bbfc948627c1a2a88fafd3)] -> xpath: //div[@class='page-title']/h1[contains(text(),'Shopping cart')]]
2022-12-20 12:23:19 INFO  HomePage :76 - Click on Log in button[[ChromeDriver: chrome on WINDOWS (4973cbf0c7bbfc948627c1a2a88fafd3)] -> xpath: //a[contains(text(),'Log in')]]
2022-12-20 12:23:20 INFO  LoginPage :27 - Enter email cocomelon3@gmail.com to email field [[ChromeDriver: chrome on WINDOWS (4973cbf0c7bbfc948627c1a2a88fafd3)] -> id: Email]
2022-12-20 12:23:20 INFO  LoginPage :32 - Enter password Password123 to password field [[ChromeDriver: chrome on WINDOWS (4973cbf0c7bbfc948627c1a2a88fafd3)] -> name: Password]
2022-12-20 12:23:20 INFO  LoginPage :37 - Clicking on Login Button[[ChromeDriver: chrome on WINDOWS (4973cbf0c7bbfc948627c1a2a88fafd3)] -> xpath: //button[contains(text(),'Log in')]]
2022-12-20 12:23:21 INFO  ShoppingCartPage :69 - Click on Check box[[ChromeDriver: chrome on WINDOWS (4973cbf0c7bbfc948627c1a2a88fafd3)] -> id: termsofservice]
2022-12-20 12:23:21 INFO  ShoppingCartPage :73 - Click on checkout button[[ChromeDriver: chrome on WINDOWS (4973cbf0c7bbfc948627c1a2a88fafd3)] -> xpath: //button[@id='checkout']]
2022-12-20 12:23:26 INFO  BillingCheckOutPage :75 - Select Country United Kingdomfrom dropdown list[[ChromeDriver: chrome on WINDOWS (4973cbf0c7bbfc948627c1a2a88fafd3)] -> id: BillingNewAddress_CountryId]
2022-12-20 12:23:26 INFO  BillingCheckOutPage :85 - Enter the City Manchester[[ChromeDriver: chrome on WINDOWS (4973cbf0c7bbfc948627c1a2a88fafd3)] -> id: BillingNewAddress_City]
2022-12-20 12:23:26 INFO  BillingCheckOutPage :90 - Enter billing address269,Cambridge Lane[[ChromeDriver: chrome on WINDOWS (4973cbf0c7bbfc948627c1a2a88fafd3)] -> id: BillingNewAddress_Address1]
2022-12-20 12:23:26 INFO  BillingCheckOutPage :95 - Enter zipcode M12 9AWin zip code field[[ChromeDriver: chrome on WINDOWS (4973cbf0c7bbfc948627c1a2a88fafd3)] -> id: BillingNewAddress_ZipPostalCode]
2022-12-20 12:23:26 INFO  BillingCheckOutPage :100 - Enter phone number 5665995116994in phone no field[[ChromeDriver: chrome on WINDOWS (4973cbf0c7bbfc948627c1a2a88fafd3)] -> id: BillingNewAddress_PhoneNumber]
2022-12-20 12:23:26 INFO  BillingCheckOutPage :110 - Click on continue button[[ChromeDriver: chrome on WINDOWS (4973cbf0c7bbfc948627c1a2a88fafd3)] -> xpath: //body/div[6]/div[3]/div[1]/div[1]/div[1]/div[2]/ol[1]/li[1]/div[2]/div[1]/button[4]]
2022-12-20 12:23:27 INFO  ShippingMethodCheckoutPage :38 - Click on radio button second day air[[ChromeDriver: chrome on WINDOWS (4973cbf0c7bbfc948627c1a2a88fafd3)] -> xpath: //input[@id='shippingoption_2']]
2022-12-20 12:23:27 INFO  ShippingMethodCheckoutPage :33 - Click on continue button[[ChromeDriver: chrome on WINDOWS (4973cbf0c7bbfc948627c1a2a88fafd3)] -> xpath: //body/div[6]/div[3]/div[1]/div[1]/div[1]/div[2]/ol[1]/li[3]/div[2]/form[1]/div[2]/button[1]]
2022-12-20 12:23:27 INFO  PaymentMethodCheckOut :25 - Enter Credit card[[ChromeDriver: chrome on WINDOWS (4973cbf0c7bbfc948627c1a2a88fafd3)] -> css selector: #paymentmethod_1]
2022-12-20 12:23:27 INFO  PaymentMethodCheckOut :29 - Click on Continue button[[ChromeDriver: chrome on WINDOWS (4973cbf0c7bbfc948627c1a2a88fafd3)] -> xpath: //ol[1]/li[4]/div[2]/div[1]/button[1]]
2022-12-20 12:23:27 INFO  PaymentCheckOut :44 - Select card type Visafrom the drop down list[[ChromeDriver: chrome on WINDOWS (4973cbf0c7bbfc948627c1a2a88fafd3)] -> id: CreditCardType]
2022-12-20 12:23:27 INFO  PaymentCheckOut :48 - Enter Card holder name TestVh Cocomelonin card holder name field[[ChromeDriver: chrome on WINDOWS (4973cbf0c7bbfc948627c1a2a88fafd3)] -> id: CardholderName]
2022-12-20 12:23:28 INFO  PaymentCheckOut :52 - Enter card number 4222222222222in card no field[[ChromeDriver: chrome on WINDOWS (4973cbf0c7bbfc948627c1a2a88fafd3)] -> id: CardNumber]
2022-12-20 12:23:28 INFO  PaymentCheckOut :56 - Select expiry Month 02from dropdown[[ChromeDriver: chrome on WINDOWS (4973cbf0c7bbfc948627c1a2a88fafd3)] -> id: ExpireMonth]
2022-12-20 12:23:28 INFO  PaymentCheckOut :60 - Select expiry Year 2025from dropdown[[ChromeDriver: chrome on WINDOWS (4973cbf0c7bbfc948627c1a2a88fafd3)] -> id: ExpireYear]
2022-12-20 12:23:28 INFO  PaymentCheckOut :64 - Enter Card code 082in card code field[[ChromeDriver: chrome on WINDOWS (4973cbf0c7bbfc948627c1a2a88fafd3)] -> id: CardCode]
2022-12-20 12:23:28 INFO  PaymentCheckOut :68 - Click on continue button[[ChromeDriver: chrome on WINDOWS (4973cbf0c7bbfc948627c1a2a88fafd3)] -> xpath: //button[@class='button-1 payment-info-next-step-button']]
2022-12-20 12:23:28 INFO  ConfirmOrderPage :41 - Verify credit card payment method[[ChromeDriver: chrome on WINDOWS (4973cbf0c7bbfc948627c1a2a88fafd3)] -> xpath: //span[contains(text(),'Credit Card')]]
2022-12-20 12:23:28 INFO  ConfirmOrderPage :45 - Verify shipping method[[ChromeDriver: chrome on WINDOWS (4973cbf0c7bbfc948627c1a2a88fafd3)] -> xpath: //div[1]/div[2]/div[2]/ul[1]/li[1]/span[2]]
2022-12-20 12:23:28 INFO  ConfirmOrderPage :49 - Verify the total price[[ChromeDriver: chrome on WINDOWS (4973cbf0c7bbfc948627c1a2a88fafd3)] -> xpath: //tbody/tr[4]/td[2]/span[1]/strong[1]]
2022-12-20 12:23:28 INFO  ConfirmOrderPage :53 - Click on Confirm button[[ChromeDriver: chrome on WINDOWS (4973cbf0c7bbfc948627c1a2a88fafd3)] -> xpath: //button[contains(text(),'Confirm')]]
2022-12-20 12:23:29 INFO  CompletedCheckoutPage :29 - Verify the Thank you Text[[ChromeDriver: chrome on WINDOWS (4973cbf0c7bbfc948627c1a2a88fafd3)] -> xpath: //h1[contains(text(),'Thank you')]]
2022-12-20 12:23:29 INFO  CompletedCheckoutPage :33 - Verify the order success text[[ChromeDriver: chrome on WINDOWS (4973cbf0c7bbfc948627c1a2a88fafd3)] -> xpath: //strong[contains(text(),'Your order has been successfully processed!')]]
2022-12-20 12:23:29 INFO  CompletedCheckoutPage :37 - Click on continue button[[ChromeDriver: chrome on WINDOWS (4973cbf0c7bbfc948627c1a2a88fafd3)] -> xpath: //button[contains(text(),'Continue')]]
2022-12-20 12:23:30 INFO  HomePage :66 - Verify the Welcome text[[ChromeDriver: chrome on WINDOWS (4973cbf0c7bbfc948627c1a2a88fafd3)] -> xpath: //h2[contains(text(),'Welcome to our store')]]
2022-12-20 12:23:30 INFO  HomePage :71 - Click on Log out button[[ChromeDriver: chrome on WINDOWS (4973cbf0c7bbfc948627c1a2a88fafd3)] -> xpath: //a[contains(text(),'Log out')]]
2022-12-20 12:47:29 INFO  DeskTopPage :34 - Get pageTitle text [[ChromeDriver: chrome on WINDOWS (0bdd4f414fcb25650a6a0dbad2c7f716)] -> css selector: div[class='page-title'] h1]
